./log/20173101420_00412B.log,00412B,920591324,924291216,927991153,11.640000,11.600000,11.560000
./log/20173301555_004349.log,004349,920589838,924289764,927989728,11.690000,11.630000,11.590000
./log/2017331557_0040EB.log,0040EB,920594461,924294426,927994406,11.680000,11.650000,11.620000
./log/2017311359_004433.log,004433,920591400,924291295,927991249,11.490000,11.450000,11.430000
./log/2017328175_0042E2.log,0042E2,920590197,924290129,927990090,11.830000,11.810000,11.770000
./log/2017330942_004323.log,004323,920588845,924288780,927988729,11.700000,11.660000,11.620000
./log/20173171642_004241.log,004241,920589977,924289882,927989832,12.050000,12.010000,11.980000
./log/20173151119_004192.log,004192,920591283,924291200,927991168,11.980000,11.920000,11.900000
./log/2017461713_0043AA.log,0043AA,920589775,924289715,927989697,12.060000,12.030000,12.000000
./log/20173101353_004129.log,004129,920594145,924294064,927994025,11.650000,11.610000,11.560000
./log/20173271639_00428D.log,00428D,920588676,924288618,927988617,12.100000,12.060000,12.040000
./log/20174798_0043B1.log,0043B1,920593564,924293497,927993470,11.810000,11.770000,11.720000
./log/2017328928_00429C.log,00429C,920589429,924289360,927989309,11.860000,11.820000,11.800000
./log/20173281516_0042CF.log,0042CF,920593121,924293043,927993009,11.790000,11.760000,11.740000
./log/20173131159_004152.log,004152,920592085,924292010,927991992,11.690000,11.630000,11.590000
./log/2017451415_004387.log,004387,920589245,924289166,927989123,11.750000,11.730000,11.710000
./log/2017315166_0041BC.log,0041BC,920595211,924295201,927995201,11.690000,11.640000,11.620000
./log/2017424101_004443.log,004443,920591177,924291127,927991123,12.000000,11.960000,11.910000
./log/201745821_004433.log,004433,920592076,924291965,927991896,11.470000,11.470000,11.470000
./log/20174792_0043B0.log,0043B0,920588600,924288508,927988451,12.040000,11.950000,11.930000
./log/20173301614_00434C.log,00434C,920590101,924290011,927989969,11.640000,11.600000,11.550000
./log/2017330177_004354.log,004354,920592295,924292215,927992179,11.680000,11.660000,11.630000
./log/20173161020_0041D7.log,0041D7,920592627,924292562,927992537,11.910000,11.870000,11.840000
./log/2017451421_004388.log,004388,920591885,924291816,927991798,11.850000,11.810000,11.790000
./log/201745108_004367.log,004367,920594546,924294495,927994502,11.950000,11.910000,11.900000
./log/2017313850_004137.log,004137,920598666,924298616,927998608,11.950000,11.900000,11.870000
./log/20174121336_0043E5.log,0043E5,920592583,924292537,927992536,12.000000,11.930000,11.910000
./log/2017451345_004382.log,004382,920594939,924294917,927994909,11.880000,11.840000,11.820000
./log/2017315151_0041B1.log,0041B1,920594485,924294500,927994583,11.870000,11.830000,11.800000
./log/201745944_004363.log,004363,920594266,924294269,927994289,11.840000,11.790000,11.780000
./log/20174121318_0043E2.log,0043E2,920590933,924290852,927990818,11.680000,11.630000,11.610000
./log/2017361428_004112.log,004112,920591653,924291574,927991547,11.770000,11.730000,11.710000
./log/2017461656_0043A7.log,0043A7,920590676,924290579,927990533,11.680000,11.660000,11.660000
./log/2017329912_0042EA.log,0042EA,920593116,924293068,927993056,11.700000,11.660000,11.620000
./log/20173201312_00426A.log,00426A,920591600,924291528,927991490,11.840000,11.800000,11.770000
./log/2017331626_0040EF.log,0040EF,920593332,924293278,927993243,11.730000,11.690000,11.650000
./log/20173291647_004313.log,004313,920589192,924289127,927989088,11.820000,11.790000,11.760000
./log/20174141351_00440E.log,00440E,920589316,924289228,927989177,11.730000,11.700000,11.660000
./log/2017313125_004153.log,004153,920589102,924289019,927988975,11.880000,11.820000,11.780000
./log/20172272155_0040B8.log,0040B8,920591164,924291137,927991183,11.680000,11.620000,11.590000
./log/20173281350_0042C2.log,0042C2,920594394,924294337,927994314,11.780000,11.740000,11.710000
./log/20173161355_0041F3.log,0041F3,920589519,924289483,927989474,12.010000,11.960000,11.910000
./log/20173131058_004149.log,004149,920593856,924293782,927993752,11.680000,11.630000,11.630000
./log/2017414172_004429.log,004429,920593810,924293745,927993733,11.880000,11.840000,11.810000
./log/20173131540_004165.log,004165,920592892,924292845,927992841,11.620000,11.580000,11.530000
./log/20173131122_00414C.log,00414C,920589358,924289250,927989196,11.870000,11.810000,11.760000
./log/20173151537_0041B7.log,0041B7,920591552,924291469,927991437,11.880000,11.840000,11.790000
./log/2017329174_004316.log,004316,920593342,924293297,927993275,11.840000,11.780000,11.730000
./log/20173291243_004306.log,004306,920591042,924290970,927990925,11.690000,11.660000,11.620000
./log/2017328917_00429A.log,00429A,920590376,924290289,927990239,11.650000,11.600000,11.580000
./log/2017451120_004370.log,004370,920594569,924294528,927994526,11.900000,11.860000,11.830000
./log/20173291134_004300.log,004300,920589763,924289678,927989623,11.880000,11.830000,11.780000
./log/20173151630_0041C0.log,0041C0,920590233,924290197,927990213,11.690000,11.650000,11.610000
./log/2017330955_004325.log,004325,920589689,924289611,927989562,11.880000,11.850000,11.810000
./log/2017313135_004157.log,004157,920592529,924292436,927992380,11.980000,11.900000,11.850000
./log/2017329952_0042F1.log,0042F1,920593894,924293826,927993805,11.720000,11.660000,11.630000
./log/20173151531_0041B6.log,0041B6,920588934,924288855,927988803,11.660000,11.610000,11.570000
./log/20174241024_004447.log,004447,920595044,924295001,927994974,12.050000,11.990000,11.970000
./log/20173271633_00428C.log,00428C,920593538,924293466,927993445,11.910000,11.860000,11.830000
./log/2017329114_0042FB.log,0042FB,920589497,924289421,927989382,12.030000,11.990000,11.950000
./log/20172281619_0040CA.log,0040CA,920593217,924293128,927993073,11.710000,11.660000,11.620000
./log/2017361441_004114.log,004114,920593106,924293035,927993020,11.740000,11.700000,11.650000
./log/2017424943_004440.log,004440,920592183,924292120,927992070,11.760000,11.730000,11.690000
./log/2017316141_0041F4.log,0041F4,920594536,924294463,927994442,11.660000,11.610000,11.580000
./log/20174121552_0043FA.log,0043FA,920592006,924291911,927991869,11.830000,11.790000,11.760000
./log/2017331639_0040F1.log,0040F1,920588849,924288760,927988722,11.660000,11.620000,11.580000
./log/20174141517_004417.log,004417,920589225,924289118,927989068,11.830000,11.800000,11.770000
./log/20173131616_00416B.log,00416B,920589157,924289081,927989037,11.650000,11.570000,11.540000
./log/2017424107_004444.log,004444,920593675,924293602,927993568,11.740000,11.700000,11.660000
./log/20173281527_0042D1.log,0042D1,920589994,924289982,927989982,11.830000,11.780000,11.740000
./log/20173171556_004239.log,004239,920594709,924294656,927994646,12.210000,12.190000,12.160000
./log/20174141651_004427.log,004427,920589910,924289853,927989826,11.820000,11.790000,11.750000
./log/2017316126_0041E6.log,0041E6,920593486,924293464,927993478,11.810000,11.760000,11.720000
./log/20174121137_0043D6.log,0043D6,920590882,924290796,927990750,11.840000,11.780000,11.740000
./log/20173281148_0042B3.log,0042B3,920591397,924291295,927991272,11.850000,11.810000,11.790000
./log/2017451031_00436A.log,00436A,920593798,924293781,927993793,11.730000,11.660000,11.650000
./log/20173171341_004223.log,004223,920591465,924291410,927991379,11.900000,11.860000,11.820000
./log/20173281412_0042C6.log,0042C6,920594433,924294378,927994363,12.180000,12.130000,12.090000
./log/2017361256_004104.log,004104,920593496,924293410,927993387,11.650000,11.590000,11.570000
./log/20173101131_004121.log,004121,920591500,924291417,927991382,11.670000,11.630000,11.600000
./log/20173291110_0042FC.log,0042FC,920590979,924290897,927990844,11.880000,11.830000,11.800000
./log/20173101340_004127.log,004127,920591119,924291007,927990936,11.730000,11.690000,11.650000
./log/20173101147_004123.log,004123,920594082,924294005,927993975,11.900000,11.850000,11.800000
./log/201745134_00437B.log,00437B,920592375,924292312,927992274,11.970000,11.930000,11.910000
./log/2017461649_0043A6.log,0043A6,920591783,924291726,927991708,11.920000,11.880000,11.850000
./log/20173281659_0042E1.log,0042E1,920594348,924294306,927994294,11.800000,11.740000,11.720000
./log/2017330837_004319.log,004319,920593661,924293604,927993564,11.680000,11.620000,11.570000
./log/20173301127_004330.log,004330,920591648,924291574,927991557,11.840000,11.810000,11.770000
./log/20173151055_00418E.log,00418E,920592387,924292299,927992256,11.700000,11.670000,11.630000
./log/20172281638_0040CD.log,0040CD,920598009,924297977,927997976,11.870000,11.810000,11.770000
./log/2017317958_004205.log,004205,920594558,924294513,927994490,11.810000,11.770000,11.740000
./log/20172272138_0040B6.log,0040B6,920588644,924288527,927988461,11.780000,11.730000,11.700000
./log/2017331136_0040E5.log,0040E5,920592419,924292356,927992320,11.730000,11.670000,11.650000
./log/2017451126_004371.log,004371,920593782,924293748,927993749,12.150000,12.120000,12.100000
./log/2017329123_004305.log,004305,920595198,924295124,927995106,11.960000,11.920000,11.890000
./log/20173161343_0041F1.log,0041F1,920593897,924293825,927993797,11.820000,11.770000,11.730000
./log/201733100_0040DB.log,0040DB,920593247,924293180,927993151,11.880000,11.820000,11.780000
./log/2017317170_004244.log,004244,920589533,924289472,927989447,11.920000,11.880000,11.850000
./log/2017315100_004185.log,004185,920596029,924295986,927995978,11.850000,11.810000,11.770000
./log/20171172154_004433.log,004433,920591120,924291044,927990994,11.780000,11.720000,11.670000
./log/2017310927_004118.log,004118,920591319,924291257,927991253,11.950000,11.900000,11.860000
./log/2017316133_0041EA.log,0041EA,920593994,924293960,927993969,11.850000,11.800000,11.760000
./log/20173151613_0041BD.log,0041BD,920595104,924295057,927995054,11.870000,11.810000,11.780000
./log/20173281630_0042DC.log,0042DC,920594165,924294122,927994089,11.850000,11.830000,11.790000
./log/2017117202_00429F.log,00429F,920591232,924291159,927991098,11.860000,11.820000,11.810000
./log/20173161112_0041DF.log,0041DF,920594666,924294626,927994628,11.790000,11.750000,11.720000
./log/2017316919_0041CD.log,0041CD,920590975,924290916,927990883,11.900000,11.860000,11.830000
./log/2017228042_0040C1.log,0040C1,920594479,924294402,927994381,11.680000,11.660000,11.620000
./log/2017471146_0043CA.log,0043CA,920591652,924291588,927991557,11.940000,11.910000,11.880000
./log/2017451137_004373.log,004373,920592901,924292847,927992839,11.960000,11.920000,11.890000
./log/20173131621_00416C.log,00416C,920591015,924290924,927990881,11.920000,11.870000,11.830000
./log/2017317924_004200.log,004200,920591907,924291828,927991776,11.850000,11.820000,11.790000
./log/20173291034_0042F7.log,0042F7,920589301,924289231,927989203,11.730000,11.660000,11.630000
./log/201746834_004433.log,004433,920591652,924291551,927991503,11.560000,11.560000,11.540000
./log/20174121558_0043FB.log,0043FB,920594385,924294310,927994286,11.940000,11.910000,11.890000
./log/20173151354_0041A6.log,0041A6,920591821,924291788,927991797,11.950000,11.880000,11.850000
./log/2017361416_004110.log,004110,920589108,924289031,927988990,11.710000,11.660000,11.650000
./log/2017320945_00424E.log,00424E,920594220,924294154,927994136,11.800000,11.750000,11.720000
./log/2017320153_00427C.log,00427C,920595924,924295944,927995973,11.840000,11.790000,11.770000
./log/2017424955_004442.log,004442,920590397,924290332,927990310,11.780000,11.730000,11.710000
./log/20173101455_004130.log,004130,920590979,924290922,927990898,11.900000,11.860000,11.820000
./log/2017471052_0043C2.log,0043C2,920591549,924291496,927991434,11.810000,11.780000,11.760000
./log/20173151548_0041B9.log,0041B9,920592854,924292762,927992719,11.700000,11.630000,11.620000
./log/20173131657_004172.log,004172,920590666,924290569,927990524,11.660000,11.600000,11.550000
./log/2017471058_0043C3.log,0043C3,920594464,924294411,927994398,11.640000,11.620000,11.590000
./log/2017317144_004227.log,004227,920590907,924290826,927990782,11.810000,11.770000,11.750000
./log/201746931_004398.log,004398,920590742,924290689,927990670,12.000000,11.960000,11.930000
./log/20173291122_0042FE.log,0042FE,920590173,924290096,927990070,11.840000,11.780000,11.750000
./log/2017331532_0040E8.log,0040E8,920594320,924294252,927994223,11.900000,11.840000,11.800000
./log/20174141438_004416.log,004416,920590061,924289968,927989934,11.730000,11.690000,11.650000
./log/20173281544_0042D4.log,0042D4,920592498,924292432,927992405,11.820000,11.780000,11.750000
./log/2017313173_004173.log,004173,920589156,924289077,927989020,11.780000,11.710000,11.660000
./log/201742493_004439.log,004439,920594134,924294077,927994048,11.710000,11.650000,11.610000
./log/201736837_004433.log,004433,920591990,924291904,927991861,11.510000,11.470000,11.430000
./log/2017327164_004287.log,004287,920590428,924290355,927990323,11.870000,11.700000,11.820000
./log/20173281142_0042B2.log,0042B2,920594027,924293965,927993965,11.890000,11.840000,11.810000
./log/20173151325_0041A1.log,0041A1,920592883,924292798,927992781,11.890000,11.840000,11.800000
./log/20171181347_004349.log,004349,920591363,924291268,927991225,11.710000,11.790000,11.740000
./log/2017313179_004174.log,004174,920590351,924290256,927990202,11.700000,11.650000,11.620000
./log/20173131311_004158.log,004158,920595164,924295098,927995073,11.860000,11.800000,11.780000
./log/2017315937_004181.log,004181,920591677,924291620,927991593,11.760000,11.720000,11.670000
./log/20173151023_004189.log,004189,920593121,924293164,927993225,11.910000,11.870000,11.860000
./log/20174141528_004419.log,004419,920590662,924290606,927990576,11.960000,11.910000,11.870000
./log/20174141356_00440F.log,00440F,920593112,924293053,927993020,11.740000,11.700000,11.660000
./log/20173171422_00422A.log,00422A,920590676,924290614,927990593,11.900000,11.860000,11.830000
./log/20173101139_004122.log,004122,920591161,924291062,927991026,11.840000,11.780000,11.750000
./log/20174121638_004402.log,004402,920592599,924292544,927992516,11.850000,11.810000,11.770000
./log/2017329946_0042F0.log,0042F0,920592802,924292723,927992698,11.900000,11.840000,11.800000
./log/2017317104_004206.log,004206,920590049,924289977,927989931,11.980000,11.940000,11.890000
./log/201745939_004362.log,004362,920589503,924289428,927989371,11.770000,11.720000,11.710000
./log/2017412164_0043FC.log,0043FC,920594013,924293934,927993903,11.710000,11.680000,11.640000
./log/2017451310_00437C.log,00437C,920593214,924293151,927993144,12.030000,11.980000,11.960000
./log/2017331632_0040F0.log,0040F0,920589524,924289444,927989392,11.640000,11.580000,11.550000
./log/201746177_0043A9.log,0043A9,920589529,924289450,927989408,11.750000,11.730000,11.720000
./log/20173151029_00418A.log,00418A,920592066,924291987,927991937,11.870000,11.810000,11.770000
./log/2017327174_004291.log,004291,920589649,924289573,927989586,11.950000,11.890000,11.860000
./log/2017412126_0043DB.log,0043DB,920591834,924291761,927991714,11.660000,11.610000,11.570000
./log/2017329130_004309.log,004309,920590230,924290188,927990174,11.740000,11.680000,11.650000
./log/20173201324_00426B.log,00426B,920592009,924291959,927991934,11.760000,11.700000,11.660000
./log/00039E.log,,920590843,924290777,927990743,12.020000,11.950000,11.900000
./log/201745143_004385.log,004385,920594481,924294433,927994410,12.030000,11.980000,11.960000
./log/20173201133_00425F.log,00425F,920590407,924290323,927990281,11.740000,11.680000,11.650000
./log/2017330113_00432C.log,00432C,920593294,924293203,927993163,11.900000,11.840000,11.830000
./log/20173161245_0041E7.log,0041E7,920593239,924293154,927993128,11.840000,11.810000,11.770000
./log/201746926_004397.log,004397,920590835,924290756,927990718,11.840000,11.810000,11.780000
./log/2017361352_00410C.log,00410C,920591336,924291264,927991214,11.640000,11.630000,11.610000
./log/2017117220_004433.log,004433,920591021,924290957,927990907,11.860000,11.790000,11.760000
./log/2017331052_0040E0.log,0040E0,920589324,924289196,927989101,11.850000,11.800000,11.770000
./log/20173291618_00430E.log,00430E,920594555,924294483,927994465,11.720000,11.660000,11.630000
./log/2017315847_004179.log,004179,920593157,924293092,927993072,11.780000,11.720000,11.680000
./log/20173131329_00415B.log,00415B,920592609,924292548,927992528,11.880000,11.840000,11.800000
./log/2017313913_00413A.log,00413A,920591610,924291562,927991528,11.790000,11.730000,11.670000
./log/201736957_0040FF.log,0040FF,920592814,924292764,927992745,11.970000,11.940000,11.910000
./log/20174141523_004418.log,004418,920596373,924296328,927996317,11.880000,11.830000,11.790000
./log/2017414817_004433.log,004433,920591432,924291344,927991300,11.800000,11.770000,11.740000
./log/201745915_00435E.log,00435E,920594787,924294716,927994699,11.720000,11.700000,11.680000
./log/20173281246_0042B7.log,0042B7,920590625,924290549,927990501,11.990000,11.960000,11.920000
./log/2017317162_00423A.log,00423A,920589845,924289761,927989724,12.260000,12.210000,12.180000
./log/20173131140_00414F.log,00414F,920591866,924291783,927991727,11.810000,11.770000,11.730000
./log/20174121348_0043E7.log,0043E7,920591547,924291466,927991441,11.680000,11.690000,11.630000
./log/20173171711_004246.log,004246,920590645,924290606,927990591,11.880000,11.830000,11.790000
./log/2017317130_00421C.log,00421C,920592658,924292599,927992537,11.880000,11.840000,11.800000
./log/201745921_00435F.log,00435F,920593179,924293113,927993090,11.820000,11.780000,11.750000
./log/20173161032_0041D9.log,0041D9,920594785,924294736,927994717,11.650000,11.610000,11.580000
./log/2017317168_00423B.log,00423B,920595306,924295270,927995283,11.890000,11.860000,11.840000
./log/20173151342_0041A4.log,0041A4,920593316,924293250,927993224,11.690000,11.630000,11.590000
./log/201736103_004100.log,004100,920594256,924294182,927994160,11.910000,11.870000,11.840000
./log/20173171625_00423E.log,00423E,920589119,924289016,927988963,11.800000,11.760000,11.740000
./log/20173161251_0041E8.log,0041E8,920589226,924289191,927989173,11.740000,11.700000,11.650000
./log/2017310114_00411E.log,00411E,920593784,924293723,927993703,11.660000,11.600000,11.550000
./log/201731692_0041CA.log,0041CA,920594361,924294301,927994268,11.720000,11.660000,11.640000
./log/20173151336_0041A3.log,0041A3,920592301,924292240,927992211,11.660000,11.600000,11.570000
./log/20174121535_0043F7.log,0043F7,920590306,924290214,927990183,11.780000,11.720000,11.680000
./log/20174141645_004426.log,004426,920589430,924289354,927989307,11.770000,11.730000,11.710000
./log/20173171458_004230.log,004230,920589306,924289263,927989250,11.960000,11.920000,11.890000
./log/20174141545_00441C.log,00441C,920588998,924289060,927989145,11.780000,11.750000,11.730000
./log/20173151153_004198.log,004198,920594214,924294155,927994135,11.870000,11.820000,11.780000
./log/201747954_0043B9.log,0043B9,920591155,924291098,927991077,11.640000,11.600000,11.570000
./log/20173291116_0042FD.log,0042FD,920591038,924290954,927990910,11.790000,11.740000,11.710000
./log/20173291624_00430F.log,00430F,920591529,924291460,927991431,11.710000,11.670000,11.630000
./log/20173151643_0041C2.log,0041C2,920592008,924291915,927991891,11.720000,11.690000,11.660000
./log/20173131128_00414D.log,00414D,920591270,924291189,927991163,11.720000,11.670000,11.630000
./log/20174141632_004424.log,004424,920593400,924293347,927993336,11.690000,11.650000,11.610000
./log/2017328118_0042AC.log,0042AC,920594352,924294329,927994334,12.020000,11.970000,11.890000
./log/2017451115_00436F.log,00436F,920590888,924290841,927990832,12.020000,11.980000,11.950000
./log/2017330843_00431A.log,00431A,920594414,924294345,927994311,11.800000,11.750000,11.710000
./log/20173291015_0042F5.log,0042F5,920593274,924293216,927993180,11.810000,11.780000,11.730000
./log/20174141615_004421.log,004421,920593259,924293196,927993178,11.700000,11.640000,11.620000
./log/20173301021_004328.log,004328,920592574,924292505,927992475,11.660000,11.620000,11.570000
./log/20174121523_0043F5.log,0043F5,920591777,924291688,927991649,11.840000,11.800000,11.770000
./log/20173201545_004282.log,004282,920593542,924293481,927993465,11.770000,11.720000,11.680000
./log/20173131025_004145.log,004145,920593559,924293479,927993439,11.680000,11.650000,11.610000
./log/201745846_004359.log,004359,920590574,924290489,927990443,11.920000,11.890000,11.880000
./log/20173161149_0041E3.log,0041E3,920591320,924291270,927991263,11.880000,11.830000,11.780000
./log/20173281315_0042BC.log,0042BC,920594433,924294377,927994360,11.720000,11.660000,11.640000
./log/20173171539_004236.log,004236,920589295,924289230,927989189,11.730000,11.680000,11.650000
./log/20173281326_0042BE.log,0042BE,920589937,924289856,927989808,12.010000,11.970000,11.930000
./log/20173161257_0041E9.log,0041E9,920589648,924289586,927989567,11.670000,11.610000,11.570000
./log/2017328112_0042AB.log,0042AB,920592700,924292652,927992639,11.770000,11.770000,11.710000
./log/2017227223_0040B9.log,0040B9,920591941,924291913,927991895,11.860000,11.820000,11.800000
./log/20171172042_004353.log,004353,920591232,924291154,927991105,11.800000,11.760000,11.730000
./log/20173131726_004177.log,004177,920588838,924288732,927988673,11.680000,11.630000,11.590000
./log/20173281613_0042D9.log,0042D9,920592577,924292525,927992497,11.820000,11.790000,11.770000
./log/20173131640_00416F.log,00416F,920592502,924292437,927992387,11.760000,11.700000,11.650000
./log/20173281432_0042C9.log,0042C9,920592192,924292169,927992167,11.900000,11.860000,11.840000
./log/201746857_004392.log,004392,920593865,924293835,927993843,11.700000,11.660000,11.640000
./log/20173281549_0042D5.log,0042D5,920589654,924289601,927989587,11.900000,11.860000,11.830000
./log/20172272213_0040BA.log,0040BA,920595513,924295471,927995469,11.650000,11.590000,11.550000
./log/2017320109_004252.log,004252,920589433,924289233,927989103,11.890000,11.880000,11.850000
./log/20173131323_00415A.log,00415A,920594443,924294380,927994360,11.720000,11.680000,11.640000
./log/20173301050_00432B.log,00432B,920592683,924292600,927992569,11.700000,11.640000,11.600000
./log/20173171318_00421F.log,00421F,920592327,924292260,927992240,11.930000,11.880000,11.860000
./log/201747123_0043CD.log,0043CD,920592390,924292331,927992312,11.930000,11.920000,11.890000
./log/201736931_0040FB.log,0040FB,920593331,924293280,927993265,11.680000,11.620000,11.500000
./log/20173201241_004265.log,004265,920591971,924291909,927991892,11.840000,11.790000,11.750000
./log/20173394_0040D3.log,0040D3,920592205,924292110,927992081,11.860000,11.810000,11.780000
./log/2017329923_0042EC.log,0042EC,920590969,924290877,927990851,11.840000,11.810000,11.770000
./log/20171171717_00039E.log,00039E,920590936,924290863,927990828,11.920000,11.850000,11.670000
./log/201746171_0043A8.log,0043A8,920594752,924294699,927994691,11.720000,11.710000,11.680000
./log/2017329179_004317.log,004317,920595056,924295012,927995006,11.680000,11.630000,11.600000
./log/20173201439_004278.log,004278,920590632,924290571,927990531,11.780000,11.730000,11.690000
./log/2017329109_0042F4.log,0042F4,920593179,924293105,927993075,11.710000,11.660000,11.630000
./log/2017414162_00441F.log,00441F,920595185,924295124,927995113,11.630000,11.590000,11.560000
./log/2017331646_0040F2.log,0040F2,920589141,924289048,927989012,11.870000,11.810000,11.760000
./log/20173291145_004302.log,004302,920589954,924289893,927989851,12.060000,12.010000,11.970000
./log/20173131634_00416E.log,00416E,920590994,924290917,927990857,11.820000,11.920000,11.880000
./log/2017412141_0043E9.log,0043E9,920588705,924288606,927988571,11.910000,11.860000,11.820000
./log/2017320169_004286.log,004286,920594364,924294297,927994285,11.720000,11.680000,11.660000
./log/20174241030_004448.log,004448,920590430,924290362,927990340,12.000000,11.950000,11.930000
./log/2017315111_00418F.log,00418F,920595331,924295305,927995294,11.740000,11.680000,11.650000
./log/201747106_0043BB.log,0043BB,920589641,924289581,927989547,11.830000,11.790000,11.750000
./log/2017330107_004326.log,004326,920590548,924290462,927990444,11.650000,11.600000,11.550000
./log/2017471012_0043BC.log,0043BC,920593492,924293436,927993394,11.860000,11.610000,11.640000
./log/20173291613_00430D.log,00430D,920590125,924290022,927989975,11.940000,11.880000,11.840000
./log/20173151514_0041B3.log,0041B3,920591383,924291284,927991243,11.840000,11.790000,11.750000
./log/20172272131_0040B5.log,0040B5,920589242,924289145,927989084,11.720000,11.660000,11.640000
./log/20173201052_004258.log,004258,920590975,924290909,927990884,11.730000,11.700000,11.660000
./log/20173131146_004150.log,004150,920594137,924294057,927994022,11.810000,11.780000,11.740000
./log/20174594_00435C.log,00435C,920589330,924289240,927989194,11.880000,11.850000,11.830000
./log/2017328133_0042BA.log,0042BA,920593638,924293577,927993548,11.880000,11.840000,11.820000
./log/201745950_004364.log,004364,920594294,924294241,927994214,11.930000,11.880000,11.850000
./log/20174121632_004401.log,004401,920592196,924292130,927992106,11.800000,11.750000,11.710000
./log/20174121148_0043D8.log,0043D8,920589464,924289398,927989359,12.190000,12.140000,12.110000
./log/20173171133_004213.log,004213,920594955,924294913,927994914,11.680000,11.620000,11.600000
./log/2017330914_00431E.log,00431E,920588958,924288881,927988841,11.900000,11.850000,11.790000
./log/2017329843_0042E5.log,0042E5,920591018,924290935,927990868,11.850000,11.800000,11.760000
./log/20173301536_004347.log,004347,920591566,924291507,927991488,11.700000,11.640000,11.610000
./log/201745112_00436D.log,00436D,920594375,924294395,927994450,12.070000,12.050000,12.040000
./log/20173131134_00414E.log,00414E,920593597,924293515,927993484,11.910000,11.890000,11.840000
./log/20171171912_00039F.log,00039F,0,0,0,0.000000,0.000000,0.000000
./log/20174241013_004445.log,004445,920593803,924293756,927993735,11.680000,11.620000,11.590000
./log/20172281559_0040C7.log,0040C7,920590458,924290381,927990324,11.800000,11.750000,11.710000
./log/20172272357_0040BB.log,0040BB,920591155,924291089,927991065,11.790000,11.650000,11.600000
./log/20173151712_0041C7.log,0041C7,920595915,924295915,927995926,11.740000,11.710000,11.660000
./log/2017313155_004161.log,004161,920594175,924294103,927994071,11.780000,11.730000,11.680000
./log/201747936_0043B6.log,0043B6,920589060,924288987,927988964,11.790000,11.750000,11.710000
./log/20173101035_00411C.log,00411C,920593000,924292922,927992903,12.030000,11.980000,11.930000
./log/2017414134_004406.log,004406,920590829,924290793,927990791,11.850000,11.800000,11.770000
./log/201733098_00431D.log,00431D,920594236,924294161,927994148,11.790000,11.750000,11.710000
./log/2017313927_00413C.log,00413C,920600284,924300217,928000211,11.720000,11.680000,11.620000
./log/20173281455_0042CD.log,0042CD,920592108,924292079,927992074,11.810000,11.780000,11.730000
./log/2017328940_00429E.log,00429E,920592533,924292476,927992454,11.650000,11.610000,11.570000
./log/201746920_004396.log,004396,920591288,924291190,927991159,11.760000,11.720000,11.690000
./log/20174121541_0043F8.log,0043F8,920593169,924293114,927993101,11.680000,11.650000,11.630000
./log/20173131545_004166.log,004166,920593647,924293575,927993533,11.820000,11.790000,11.770000
./log/2017451457_00438E.log,00438E,920595023,924294956,927994937,11.820000,11.770000,11.750000
./log/20173201341_00426E.log,00426E,920593798,924293715,927993670,11.950000,11.910000,11.870000
./log/20174121649_004404.log,004404,920594255,924294199,927994166,11.770000,11.710000,11.650000
./log/2017451247_004378.log,004378,920590780,924290680,927990632,11.940000,11.890000,11.860000
./log/20173301346_00433F.log,00433F,920593442,924293385,927993377,11.700000,11.650000,11.600000
./log/20173301323_00433B.log,00433B,920594958,924294910,927994897,11.740000,11.700000,11.670000
./log/2017316925_0041CE.log,0041CE,920589207,924289149,927989127,11.860000,11.790000,11.770000
./log/20173201522_00427E.log,00427E,920593602,924293519,927993457,11.820000,11.780000,11.720000
./log/20173281136_0042B1.log,0042B1,920594720,924294679,927994667,11.960000,11.910000,11.890000
./log/20173131517_004162.log,004162,920588630,924288523,927988458,11.870000,11.820000,11.600000
./log/2017313105_004142.log,004142,920592859,924292787,927992744,11.740000,11.700000,11.660000
./log/20173281159_0042B5.log,0042B5,920593714,924293655,927993626,11.660000,11.620000,11.590000
./log/20171171646_00039F.log,00039F,920591027,924290928,927990894,12.050000,12.000000,11.920000
./log/201745834_004357.log,004357,920593202,924293126,927993091,11.700000,11.660000,11.640000
./log/2017316850_0041C8.log,0041C8,920594533,924294461,927994435,11.750000,11.700000,11.670000
./log/2017320928_00424B.log,00424B,920590248,924290149,927990103,11.870000,11.820000,11.790000
./log/2017424921_00443C.log,00443C,920592101,924292035,927991969,11.690000,11.640000,11.610000
./log/20173301143_004332.log,004332,920594287,924294217,927994178,12.060000,12.020000,11.980000
./log/20172281546_0040C5.log,0040C5,920589209,924289125,927989082,11.860000,11.800000,11.770000
./log/2017315919_00417E.log,00417E,920594409,924294324,927994290,11.660000,11.610000,11.570000
./log/2017320922_00424A.log,00424A,920589717,924289644,927989616,11.740000,11.690000,11.660000
./log/20173201347_00426F.log,00426F,920594760,924294699,927994689,11.760000,11.630000,11.610000
./log/2017316103_0041D4.log,0041D4,920590819,924290736,927990694,11.720000,11.700000,11.660000
./log/20173201428_004276.log,004276,920592698,924292610,927992577,11.950000,11.910000,11.890000
./log/2017316951_0041D2.log,0041D2,920594708,924294655,927994639,11.930000,11.900000,11.840000
./log/2017471029_0043BF.log,0043BF,920590206,924290127,927990092,11.700000,11.670000,11.640000
./log/2017471140_0043C9.log,0043C9,920589799,924289700,927989650,11.700000,11.670000,11.630000
./log/20173101448_00412F.log,00412F,920593820,924293761,927993724,11.720000,11.680000,11.650000
./log/20173131445_00415E.log,00415E,920589210,924289127,927989055,11.840000,11.790000,11.750000
./log/20173131018_004144.log,004144,920592607,924292539,927992511,11.940000,11.880000,11.840000
./log/2017361447_004115.log,004115,920590279,924290232,927990213,11.810000,11.750000,11.720000
./log/20172281644_0040CE.log,0040CE,920589405,924289317,927989248,11.830000,11.790000,11.760000
./log/20173171550_004238.log,004238,920593168,924293091,927993069,11.850000,11.820000,11.790000
./log/20173281119_0042AE.log,0042AE,920589869,924289792,927989747,11.680000,11.640000,11.610000
./log/2017315913_00417D.log,00417D,920593586,924293543,927993545,11.720000,11.650000,11.610000
./log/2017313856_004138.log,004138,920596297,924296215,927996181,11.940000,11.880000,11.860000
./log/20173281027_0042A6.log,0042A6,920591348,924291277,927991237,11.750000,11.710000,11.670000
./log/20173201528_00427F.log,00427F,920593568,924293522,927993509,11.830000,11.790000,11.750000
./log/2017328946_00429F.log,00429F,920589347,924289265,927989225,11.930000,11.910000,11.870000
./log/20173151147_004197.log,004197,920593021,924292939,927992900,11.690000,11.630000,11.590000
./log/20173151438_0041AD.log,0041AD,920590475,924290391,927990350,11.770000,11.720000,11.690000
./log/20173151049_00418D.log,00418D,920592918,924292833,927992790,11.680000,11.630000,11.580000
./log/2017316120_0041E5.log,0041E5,920592365,924292319,927992313,11.680000,11.650000,11.650000
./log/20173171035_00420B.log,00420B,920593283,924293213,927993171,11.880000,11.830000,11.810000
./log/201747931_0043B5.log,0043B5,920595008,924294949,927994940,11.680000,11.620000,11.600000
./log/201747844_0043AD.log,0043AD,920588550,924288445,927988401,11.910000,11.880000,11.860000
./log/2017317941_004202.log,004202,920590088,924290024,927989996,11.870000,11.810000,11.790000
./log/20174693_004393.log,004393,920592599,924292537,927992530,11.750000,11.710000,11.680000
./log/20174121420_0043EB.log,0043EB,920591180,924291081,927991043,11.870000,11.810000,11.770000
./log/20173281624_0042DB.log,0042DB,920590543,924290450,927990414,11.770000,11.740000,11.700000
./log/20171172352_004432.log,004432,920591210,924291134,927991092,11.850000,11.790000,11.760000
./log/201736859_0040F8.log,0040F8,920592182,924292124,927992098,11.890000,11.840000,11.790000
./log/2017361358_00410D.log,00410D,920589340,924289261,927989220,11.710000,11.680000,11.640000
./log/20173171353_004225.log,004225,920592274,924292219,927992198,11.670000,11.630000,11.600000
./log/2017412118_0043D2.log,0043D2,920592689,924292612,927992579,11.820000,11.760000,11.720000
./log/20174141327_00440A.log,00440A,920589707,924289658,927989631,11.700000,11.650000,11.620000
./log/201745118_00436E.log,00436E,920591482,924291454,927991468,11.920000,11.880000,11.840000
./log/20173281555_0042D6.log,0042D6,920590039,924289968,927989927,11.730000,11.670000,11.650000
./log/20171172245_0042C4.log,0042C4,920591145,924291062,927991022,11.720000,11.660000,11.630000
./log/20173301713_004355.log,004355,920592348,924292270,927992246,11.890000,11.860000,11.910000
./log/2017361324_004108.log,004108,920588826,924288730,927988682,11.750000,11.710000,11.680000
./log/20173151520_0041B4.log,0041B4,920592239,924292168,927992135,11.750000,11.700000,11.660000
./log/20173201457_00427B.log,00427B,920591575,924291512,927991494,11.780000,11.740000,11.690000
./log/201733938_0040D8.log,0040D8,920594176,924294117,927994096,11.660000,11.600000,11.550000
./log/20173281338_0042C0.log,0042C0,920589861,924289773,927989734,11.980000,11.960000,11.920000
./log/20173171145_004215.log,004215,920594514,924294455,927994442,11.780000,11.730000,11.700000
./log/2017315925_00417F.log,00417F,920591055,924290983,927990940,11.840000,11.770000,11.730000
./log/201746951_00439B.log,00439B,920591872,924291806,927991781,11.860000,11.830000,11.800000
./log/201732890_004297.log,004297,920589570,924289511,927989471,11.880000,11.840000,11.800000
./log/2017330119_00432D.log,00432D,920593443,924293384,927993372,11.880000,11.920000,11.820000
./log/20174121143_0043D7.log,0043D7,920592403,924292345,927992317,11.860000,11.820000,11.800000
./log/2017315171_0041C5.log,0041C5,920589667,924289582,927989529,11.700000,11.640000,11.620000
./log/2017331011_0040DC.log,0040DC,920593671,924293618,927993594,11.630000,11.580000,11.530000
./log/20173131458_004160.log,004160,920595304,924295240,927995240,11.680000,11.630000,11.600000
./log/20173301015_004327.log,004327,920591078,924291008,927990971,11.870000,11.820000,11.770000
./log/2017461637_0043A4.log,0043A4,920589355,924289270,927989231,11.750000,11.700000,11.680000
./log/201747913_0043B2.log,0043B2,920591991,924291919,927991898,11.780000,11.730000,11.720000
./log/201746937_004399.log,004399,920589409,924289328,927989289,11.990000,11.970000,11.950000
./log/201736912_0040F5.log,0040F5,920594511,924294469,927994438,11.780000,11.720000,11.680000
./log/201733946_0040D9.log,0040D9,920588933,924288826,927988790,11.680000,11.620000,11.590000
./log/20173171243_004219.log,004219,920590918,924290803,927990744,11.880000,11.840000,11.820000
./log/2017330948_004324.log,004324,920593327,924293284,927993275,11.930000,11.880000,11.860000
./log/20173281343_0042C1.log,0042C1,920593606,924293516,927993480,12.160000,12.130000,12.100000
./log/20173161154_0041E4.log,0041E4,920589656,924289590,927989562,11.660000,11.610000,11.580000
./log/2017471024_0043BE.log,0043BE,920592701,924292624,927992620,11.690000,11.650000,11.620000
./log/2017316856_0041C9.log,0041C9,920589581,924289498,927989445,11.860000,11.830000,11.800000
./log/201746165_0043A0.log,0043A0,920593292,924293203,927993197,11.880000,11.850000,11.800000
./log/2017320957_004250.log,004250,920589573,924289510,927989488,11.670000,11.630000,11.610000
./log/20174121250_0043DD.log,0043DD,920589544,924289464,927989417,11.810000,11.770000,11.750000
./log/2017316943_0041D1.log,0041D1,920591155,924291072,927991034,11.960000,11.910000,11.870000
./log/20173151425_0041AB.log,0041AB,920591114,924291026,927990984,11.840000,11.790000,11.750000
./log/2017316913_0041CC.log,0041CC,920588866,924288766,927988706,11.870000,11.840000,11.810000
./log/20172281854_0040C5.log,0040C5,920589582,924289503,927989464,11.900000,11.850000,11.810000
./log/20173151543_0041B8.log,0041B8,920590989,924290914,927990887,11.790000,11.740000,11.710000
./log/2017320933_00424C.log,00424C,920591874,924291812,927991798,11.790000,11.760000,11.720000
./log/20173301121_00432F.log,00432F,920589770,924289719,927989686,11.660000,11.640000,11.620000
./log/2017414149_004411.log,004411,920592370,924292300,927992275,11.800000,11.760000,11.730000
./log/2017313951_004140.log,004140,920590951,924290885,927990842,11.920000,11.860000,11.820000
./log/20173151044_00418C.log,00418C,920588835,924288746,927988699,11.720000,11.660000,11.620000
./log/201733118_0040E2.log,0040E2,920590155,924290078,927990036,11.720000,11.690000,11.650000
./log/2017317119_004210.log,004210,920593241,924293165,927993139,12.280000,12.250000,12.220000
./log/20173171010_004207.log,004207,920589633,924289561,927989536,11.710000,11.660000,11.620000
./log/20173201258_004268.log,004268,920590745,924290677,927990604,11.680000,11.630000,11.600000
./log/2017313919_00413B.log,00413B,920592816,924292814,927992822,11.860000,11.800000,11.770000
./log/20174121644_004403.log,004403,920593759,924293696,927993667,11.670000,11.630000,11.600000
./log/20173301655_004352.log,004352,920588664,924288583,927988525,11.880000,11.820000,11.760000
./log/20173171359_004226.log,004226,920594735,924294672,927994657,11.730000,11.680000,11.640000
./log/2017328167_0042D8.log,0042D8,920592795,924292729,927992713,12.000000,11.960000,11.940000
./log/2017471035_0043C0.log,0043C0,920591821,924291757,927991716,11.690000,11.650000,11.610000
./log/2017424857_004438.log,004438,920592590,924292504,927992462,11.960000,11.910000,11.860000
./log/20173171024_004209.log,004209,920588692,924288595,927988543,11.690000,11.640000,11.640000
./log/20173281538_0042D3.log,0042D3,920591141,924291081,927991056,11.810000,11.770000,11.730000
./log/20173281653_0042E0.log,0042E0,920594263,924294216,927994199,11.820000,11.770000,11.750000
./log/2017451450_00438D.log,00438D,920593314,924293200,927993141,11.670000,11.640000,11.620000
./log/2017320163_004285.log,004285,920589358,924289267,927989225,11.910000,11.860000,11.830000
./log/2017424914_00443B.log,00443B,920591269,924291196,927991160,11.890000,11.840000,11.800000
./log/2017451149_004375.log,004375,920595794,924295768,927995777,12.160000,12.130000,12.110000
./log/20173161453_0041FD.log,0041FD,920588594,924288503,927988450,11.860000,11.810000,11.760000
./log/20174121454_0043F1.log,0043F1,920591189,924291125,927991096,11.870000,11.820000,11.790000
./log/20173101442_00412E.log,00412E,920594548,924294470,927994418,11.860000,11.800000,11.780000
./log/20173281426_0042C8.log,0042C8,920593573,924293545,927993564,11.720000,11.690000,11.660000
./log/2017317918_0041FF.log,0041FF,920593227,924293144,927993118,11.790000,11.750000,11.740000
./log/2017317825_004433.log,004433,920591718,924291631,927991559,11.370000,11.310000,11.270000
./log/20173301357_004341.log,004341,920592769,924292693,927992660,11.770000,11.840000,11.870000
./log/2017361335_004109.log,004109,920589275,924289198,927989160,11.790000,11.750000,11.720000
./log/20173281021_0042A5.log,0042A5,920591537,924291495,927991497,11.700000,11.660000,11.630000
./log/2017451427_004389.log,004389,920594716,924294678,927994660,11.760000,11.730000,11.610000
./log/2017310951_004119.log,004119,920590053,924290005,927989988,11.660000,11.600000,11.560000
./log/20173151525_0041B5.log,0041B5,920594971,924294926,927994918,11.660000,11.620000,11.570000
./log/20173301649_004351.log,004351,920589731,924289629,927989585,11.780000,11.730000,11.710000
./log/20172281539_0040C4.log,0040C4,920590341,924290274,927990244,11.730000,11.700000,11.680000
./log/20172271554_0040B0.log,0040B0,920595084,924295006,927994974,11.700000,11.640000,11.590000
./log/20173281258_0042B9.log,0042B9,920593211,924293186,927993192,11.720000,11.670000,11.640000
./log/20173301415_004344.log,004344,920590634,924290569,927990533,11.720000,11.680000,11.630000
./log/201747948_0043B8.log,0043B8,920588946,924288869,927988823,11.860000,11.830000,11.790000
./log/2017451143_004374.log,004374,920591360,924291344,927991354,11.810000,11.780000,11.750000
./log/2017471117_0043C6.log,0043C6,920591086,924291004,927990960,11.730000,11.680000,11.650000
./log/20173131011_004143.log,004143,920590187,924290108,927990053,11.830000,11.780000,11.720000
./log/201747919_0043B3.log,0043B3,920594257,924294200,927994179,11.700000,11.650000,11.620000
./log/20174121035_004433.log,004433,920591332,924291242,927991202,11.610000,11.570000,11.540000
./log/20173151554_0041BA.log,0041BA,920594642,924294636,927994663,11.760000,11.720000,11.680000
./log/20173161418_0041F7.log,0041F7,920593603,924293537,927993525,11.790000,11.730000,11.700000
./log/20174121117_0043D3.log,0043D3,920590245,924290184,927990166,11.700000,11.650000,11.620000
./log/20173281015_0042A4.log,0042A4,920589632,924289535,927989484,11.810000,11.780000,11.770000
./log/2017471157_0043CC.log,0043CC,920594204,924294133,927994119,11.850000,11.820000,11.790000
./log/2017227176_0040B3.log,0040B3,920594685,924294622,927994602,11.810000,11.750000,11.700000
./log/2017315943_004182.log,004182,920594256,924294310,927994413,11.990000,11.950000,11.910000
./log/2017331027_0040DD.log,0040DD,920592842,924292773,927992744,11.860000,11.800000,11.760000
./log/20173131526_004163.log,004163,920589334,924289253,927989200,11.710000,11.660000,11.620000
./log/20173281045_0042A8.log,0042A8,920591659,924291584,927991550,11.770000,11.730000,11.700000
./log/20173281130_0042B0.log,0042B0,920594639,924294587,927994577,11.700000,11.660000,11.630000
./log/2017328125_0042B6.log,0042B6,920594776,924294736,927994720,12.120000,12.070000,12.040000
./log/2017310916_004117.log,004117,920589551,924289456,927989427,11.770000,11.710000,11.670000
./log/20173151655_0041C4.log,0041C4,920594793,924294793,927994800,11.780000,11.720000,11.680000
./log/2017320939_00424D.log,00424D,920589982,924289899,927989857,11.710000,11.670000,11.630000
./log/2017451259_00437A.log,00437A,920589024,924288915,927988851,12.230000,12.190000,12.160000
./log/20172281847_0040CF.log,0040CF,920594236,924294142,927994101,11.810000,11.770000,11.720000
./log/20173301155_004334.log,004334,920590025,924289921,927989853,11.950000,11.900000,11.870000
./log/2017451445_00438C.log,00438C,920590944,924290885,927990872,11.660000,11.620000,11.570000
./log/2017317952_004204.log,004204,920594059,924293998,927993991,11.790000,11.770000,11.720000
./log/20173281636_0042DD.log,0042DD,920594961,924294898,927994880,11.710000,11.660000,11.630000
./log/20174121546_0043F9.log,0043F9,920590071,924290004,927989967,11.690000,11.660000,11.630000
./log/2017330171_004353.log,004353,920592036,924291964,927991947,11.730000,11.680000,11.640000
./log/20173201156_004263.log,004263,920590411,924290358,927990327,11.760000,11.720000,11.700000
./log/201732996_0042E9.log,0042E9,920590151,924290059,927989999,11.740000,11.700000,11.660000
./log/201742498_00443A.log,00443A,920595046,924294989,927994972,11.760000,11.720000,11.680000
./log/201733857_0040D2.log,0040D2,920595520,924295465,927995447,11.970000,11.920000,11.890000
./log/20173101515_004131.log,004131,920597333,924297250,927997209,11.650000,11.570000,11.540000
./log/20173301257_004337.log,004337,920589024,924288953,927988913,11.690000,11.640000,11.610000
./log/201736139_004106.log,004106,920591117,924291016,927990984,11.750000,11.700000,11.660000
./log/201733171_0040F4.log,0040F4,920591372,924291295,927991263,11.840000,11.810000,11.770000
./log/20173301137_004331.log,004331,920594423,924294361,927994335,12.000000,11.950000,11.930000
./log/20174141557_00441E.log,00441E,920588977,924288900,927988863,11.880000,11.850000,11.820000
./log/20173171248_00421A.log,00421A,920593851,924293799,927993763,12.140000,12.090000,12.070000
./log/20173201336_00426D.log,00426D,920589913,924289841,927989822,11.720000,11.670000,11.640000
./log/20173131152_004151.log,004151,920593718,924293660,927993613,11.980000,11.930000,11.890000
./log/2017317113_00420F.log,00420F,920589836,924289761,927989731,11.870000,11.820000,11.800000
./log/20173291652_004314.log,004314,920591759,924291691,927991653,11.820000,11.750000,11.730000
./log/20173151449_0041AF.log,0041AF,920593134,924293082,927993053,11.780000,11.740000,11.700000
./log/2017471046_0043C1.log,0043C1,920592087,924292023,927991991,11.920000,11.880000,11.860000
./log/20173171156_004217.log,004217,920595072,924295020,927995004,11.800000,11.760000,11.740000
./log/20173271616_004289.log,004289,920595094,924295052,927995045,11.800000,11.750000,11.730000
./log/20173151413_0041A9.log,0041A9,920589475,924289379,927989336,11.650000,11.610000,11.570000
./log/201731698_0041CB.log,0041CB,920589440,924289339,927989284,11.730000,11.690000,11.630000
./log/201747116_0043C4.log,0043C4,920589825,924289763,927989734,11.920000,11.870000,11.860000
./log/20173291128_0042FF.log,0042FF,920593602,924293535,927993504,11.680000,11.630000,11.590000
./log/20173151035_00418B.log,00418B,920590781,924290707,927990674,11.730000,11.700000,11.670000
./log/20172271714_40040B.log,40040B,920591344,924291285,927991259,11.770000,11.710000,11.670000
./log/20172281626_0040CB.log,0040CB,920593121,924293040,927992994,11.870000,11.830000,11.790000
./log/2017228166_0040C8.log,0040C8,920592412,924292335,927992286,11.940000,11.880000,11.850000
./log/2017461626_0043A2.log,0043A2,920591717,924291632,927991588,12.030000,12.000000,11.970000
./log/2017461631_0043A3.log,0043A3,920589643,924289554,927989510,11.680000,11.640000,11.620000
./log/2017451025_004369.log,004369,920592343,924292342,927992362,11.760000,11.720000,11.700000
./log/20173201330_00426C.log,00426C,920589431,924289337,927989284,11.770000,11.710000,11.680000
./log/20173131558_004168.log,004168,920594687,924294616,927994607,11.680000,11.620000,11.570000
./log/20174241036_004449.log,004449,920591227,924291167,927991133,11.740000,11.690000,11.650000
./log/2017330162_00434A.log,00434A,920593218,924293144,927993110,11.710000,11.650000,11.610000
./log/20173281252_0042B8.log,0042B8,920591680,924291658,927991685,11.700000,11.650000,11.630000
./log/20174121154_0043D9.log,0043D9,920593918,924293839,927993809,11.660000,11.620000,11.600000
./log/2017412137_0043E0.log,0043E0,920589204,924289115,927989065,11.910000,11.850000,11.820000
./log/2017330168_00434B.log,00434B,920593354,924293263,927993228,11.690000,11.640000,11.610000
./log/201746841_004390.log,004390,920590420,924290325,927990275,11.840000,11.800000,11.770000
./log/2017328161_0042D7.log,0042D7,920589734,924289674,927989655,11.960000,11.930000,11.890000
./log/201747856_0043AF.log,0043AF,920593425,924293364,927993334,11.930000,11.890000,11.870000
./log/20174141432_004415.log,004415,920594849,924294783,927994747,11.960000,11.910000,11.880000
./log/2017329958_0042F2.log,0042F2,920590843,924290757,927990715,11.710000,11.670000,11.660000
./log/2017328957_0042A1.log,0042A1,920590689,924290623,927990603,11.690000,11.660000,11.640000
./log/20173281619_0042DA.log,0042DA,920594970,924294911,927994906,11.710000,11.680000,11.640000
./log/20173201150_004262.log,004262,920593968,924293910,927993880,11.680000,11.630000,11.600000
./log/20173131253_004155.log,004155,920590367,924290284,927990223,11.710000,11.660000,11.620000
./log/2017320144_004272.log,004272,920588667,924288565,927988504,11.640000,11.620000,11.550000
./log/2017228049_0040C2.log,0040C2,920593375,924293304,927993275,11.700000,11.660000,11.630000
./log/20173131534_004164.log,004164,920592303,924292226,927992178,12.000000,11.890000,11.850000
./log/20173161448_0041FC.log,0041FC,920588790,924288709,927988664,11.880000,11.830000,11.780000
./log/201745852_00435A.log,00435A,920588742,924288644,927988592,11.680000,11.660000,11.630000
./log/2017451053_00436C.log,00436C,920589669,924289594,927989557,11.990000,11.940000,11.910000
./log/20174121324_0043E3.log,0043E3,920590912,924290830,927990809,11.950000,11.920000,11.880000
./log/20173291047_0042F8.log,0042F8,920593746,924293667,927993639,11.770000,11.720000,11.680000
./log/20173201127_00425E.log,00425E,920594741,924294680,927994690,11.700000,11.650000,11.590000
./log/20173171446_00422E.log,00422E,920590046,924289970,927989937,12.280000,12.220000,12.200000
./log/2017412131_0043DF.log,0043DF,920591180,924291104,927991051,11.700000,11.650000,11.610000
./log/2017330855_00431C.log,00431C,920594073,924294009,927993967,11.760000,11.720000,11.670000
./log/20173201032_004256.log,004256,920589177,924289102,927989065,11.660000,11.570000,11.540000
./log/201747833_0043AB.log,0043AB,920594689,924294638,927994616,11.780000,11.740000,11.710000
./log/20172281713_0040D1.log,0040D1,920591183,924291118,927991087,11.750000,11.700000,11.650000
./log/2017424932_00443E.log,00443E,920590929,924290852,927990824,11.940000,11.900000,11.860000
./log/20173281642_0042DE.log,0042DE,920593480,924293413,927993376,11.820000,11.780000,11.750000
./log/20173131110_00414B.log,00414B,920594304,924294256,927994244,11.610000,11.550000,11.500000
./log/20172281840_0040C6.log,0040C6,920589292,924289233,927989199,12.170000,12.130000,12.100000
./log/2017471018_0043BD.log,0043BD,920590892,924290800,927990750,11.700000,11.650000,11.630000
./log/2017313933_00413D.log,00413D,920594314,924294222,927994154,11.940000,11.870000,11.820000
./log/20173201552_004283.log,004283,920592970,924292867,927992832,11.910000,11.860000,11.810000
./log/20174141339_00440C.log,00440C,920588780,924288694,927988651,11.680000,11.630000,11.590000
./log/2017328109_0042A3.log,0042A3,920589063,924288974,927988927,11.780000,11.740000,11.710000
./log/201733925_0040D6.log,0040D6,920595074,924295026,927995007,11.810000,11.750000,11.720000
./log/20173301352_004340.log,004340,920595111,924295067,927995044,11.970000,11.790000,11.880000
./log/20173151348_0041A5.log,0041A5,920591826,924291757,927991742,11.860000,11.800000,11.770000
./log/20173281113_0042AD.log,0042AD,920590705,924290639,927990575,11.950000,11.910000,11.890000
./log/2017320114_00425A.log,00425A,920590502,924290424,927990378,11.690000,11.640000,11.620000
./log/20173161332_0041EF.log,0041EF,920591954,924291894,927991872,11.660000,11.610000,11.590000
./log/2017320916_004249.log,004249,920589834,924289759,927989732,11.880000,11.820000,11.790000
./log/201746943_00439A.log,00439A,920590905,924290844,927990816,12.030000,11.980000,11.950000
./log/20173301044_00432A.log,00432A,920591891,924291802,927991762,11.660000,11.610000,11.580000
./log/20173281320_0042BD.log,0042BD,920592490,924292424,927992388,11.840000,11.790000,11.750000
./log/20174141656_004428.log,004428,920594851,924294811,927994798,11.830000,11.780000,11.750000
./log/2017331116_0040E3.log,0040E3,920591138,924291045,927991003,11.730000,11.670000,11.630000
./log/201736144_00410E.log,00410E,920592672,924292595,927992565,11.750000,11.710000,11.670000
./log/20173271651_00428F.log,00428F,920593978,924293955,927993971,11.680000,11.650000,11.610000
./log/20173201247_004266.log,004266,920592077,924291983,927991941,11.900000,11.850000,11.790000
./log/2017330149_004343.log,004343,920594389,924294346,927994333,11.850000,11.790000,11.760000
./log/201747959_0043BA.log,0043BA,920593639,924293578,927993560,11.900000,11.860000,11.820000
./log/201732895_004298.log,004298,920590588,924290523,927990483,11.400000,11.350000,11.310000
./log/2017228033_0040C0.log,0040C0,920591756,924291679,927991643,11.790000,11.730000,11.680000
./log/20173131439_00415D.log,00415D,920591027,924290957,927990926,11.800000,11.760000,11.720000
./log/2017414178_00442A.log,00442A,920592227,924292161,927992151,11.720000,11.670000,11.750000
./log/2017316835_004433.log,004433,920591222,924291150,927991117,11.470000,11.410000,11.380000
./log/2017320103_004251.log,004251,920595124,924295072,927995070,12.050000,12.010000,11.970000
./log/2017316117_0041DE.log,0041DE,920593556,924293505,927993499,11.850000,11.800000,11.770000
./log/201745121_004377.log,004377,920593162,924293172,927993217,11.660000,11.620000,11.590000
./log/2017331123_0040E4.log,0040E4,920590399,924290323,927990284,11.680000,11.660000,11.620000
./log/201745828_004356.log,004356,920592973,924292893,927992849,11.760000,11.730000,11.710000
./log/20173171620_00423D.log,00423D,920590288,924290216,927990182,11.850000,11.830000,11.800000
./log/20172271658_0040B2.log,0040B2,920593970,924293917,927993898,11.870000,11.810000,11.780000
./log/20174141620_004422.log,004422,920590813,924290740,927990716,11.660000,11.620000,11.570000
./log/20173151619_0041BE.log,0041BE,920593066,924293012,927993001,11.650000,11.580000,11.540000
./log/2017315138_00419E.log,00419E,920591621,924291537,927991491,11.900000,11.850000,11.810000
./log/2017317947_004203.log,004203,920590916,924290832,927990793,11.920000,11.880000,11.850000
./log/2017330121_004335.log,004335,920589308,924289228,927989170,11.770000,11.730000,11.710000
./log/2017310143_00412A.log,00412A,920591350,924291261,927991224,11.800000,11.740000,11.710000
./log/20173201027_004255.log,004255,920592177,924292110,927992098,11.710000,11.680000,11.640000
./log/201731396_004139.log,004139,920593387,924293297,927993273,11.710000,11.650000,11.640000
./log/20173131646_004170.log,004170,920591174,924291087,927991050,11.750000,11.690000,11.650000
./log/20171171815_00039E.log,00039E,920590948,924290863,927990826,11.790000,11.740000,11.690000
./log/20173171323_004220.log,004220,920592774,924292772,927992799,11.680000,11.640000,11.610000
./log/2017424926_00443D.log,00443D,920593002,924292944,927992926,11.930000,11.890000,11.860000
./log/20173101426_00412C.log,00412C,920593030,924292967,927992934,11.730000,11.690000,11.660000
./log/2017329935_0042EE.log,0042EE,920593330,924293263,927993251,11.650000,11.590000,11.550000
./log/201747826_004433.log,004433,920591502,924291404,927991365,11.880000,11.830000,11.500000
./log/20173301626_00434E.log,00434E,920593430,924293376,927993333,11.830000,11.790000,11.750000
./log/20174121056_0043D0.log,0043D0,920594707,924294651,927994648,11.920000,11.880000,11.840000
./log/201733845_004433.log,004433,920591362,924291281,927991238,11.600000,11.550000,11.500000
./log/20172272148_0040B7.log,0040B7,920594739,924294765,927994843,11.960000,11.920000,11.890000
./log/2017118914_004433.log,004433,920591374,924291298,927991248,11.870000,11.830000,11.800000
./log/2017451339_004381.log,004381,920594553,924294488,927994461,11.720000,11.680000,11.650000
./log/20173291059_0042FA.log,0042FA,920591679,924291603,927991574,11.650000,11.600000,11.560000
./log/2017331612_0040ED.log,0040ED,920589493,924289423,927989374,11.960000,11.910000,11.870000
./log/2017471134_0043C8.log,0043C8,920595076,924295037,927995017,11.840000,11.810000,11.790000
./log/20173151256_00419C.log,00419C,920588896,924288824,927988793,11.680000,11.620000,11.590000
./log/20173291635_004311.log,004311,920595753,924295767,927995821,11.830000,11.790000,11.750000
./log/20173201121_00425D.log,00425D,920592302,924292233,927992194,11.710000,11.670000,11.630000
./log/201736925_0040FA.log,0040FA,920592668,924292620,927992603,11.920000,11.770000,11.620000
./log/2017313939_00413E.log,00413E,920593265,924293202,927993165,12.050000,12.010000,11.970000
./log/20173171410_004228.log,004228,920589290,924289214,927989178,11.920000,11.880000,11.850000
./log/20173131046_004147.log,004147,920593709,924293646,927993608,11.770000,11.720000,11.690000
./log/20173301527_004346.log,004346,920591838,924291769,927991745,11.690000,11.640000,11.600000
./log/20173131652_004171.log,004171,920593474,924293399,927993368,11.850000,11.800000,11.790000
./log/2017328934_00429D.log,00429D,920591956,924291886,927991869,11.730000,11.690000,11.670000
./log/2017315160_0041BB.log,0041BB,920590486,924290440,927990420,11.720000,11.700000,11.660000
./log/201745910_00435D.log,00435D,920591972,924291900,927991879,11.520000,11.520000,11.490000
./log/20173201058_004259.log,004259,920592500,924292428,927992398,11.740000,11.720000,11.700000
./log/20173201358_004271.log,004271,920592917,924292842,927992817,11.790000,11.750000,11.710000
./log/2017228177_0040D0.log,0040D0,920590701,924290645,927990611,11.650000,11.610000,11.580000
./log/20174121517_0043F4.log,0043F4,920593941,924293873,927993847,11.690000,11.630000,11.600000
./log/2017329929_0042ED.log,0042ED,920590819,924290720,927990685,11.630000,11.570000,11.540000
./log/2017320857_004433.log,004433,920591560,924291495,927991444,11.700000,11.650000,11.600000
./log/2017313836_004136.log,004136,920591533,924291430,927991385,11.670000,11.620000,11.570000
./log/2017412112_0043D1.log,0043D1,920590183,924290124,927990083,11.700000,11.640000,11.600000
./log/201736950_0040FE.log,0040FE,920591649,924291577,927991536,12.000000,11.930000,11.890000
./log/2017329837_0042E4.log,0042E4,920591864,924291776,927991737,11.980000,11.930000,11.880000
./log/2017320121_004264.log,004264,920588671,924288568,927988524,11.680000,11.630000,11.590000
./log/20173161049_0041DB.log,0041DB,920593425,924293445,927993524,11.960000,11.940000,11.920000
./log/20173161326_0041EE.log,0041EE,920591166,924291124,927991116,11.900000,11.840000,11.910000
./log/20173171121_004211.log,004211,920592507,924292448,927992430,11.760000,11.730000,11.700000
./log/2017328141_0042C4.log,0042C4,920589898,924289816,927989775,12.160000,12.120000,12.080000
./log/2017414143_004410.log,004410,920590304,924290216,927990177,11.790000,11.750000,11.720000
./log/20173291053_0042F9.log,0042F9,920594733,924294649,927994624,11.800000,11.750000,11.690000
./log/20173201144_004261.log,004261,920593790,924293712,927993685,11.880000,11.850000,11.800000
./log/2017328854_004296.log,004296,920589968,924289879,927989845,11.940000,11.880000,11.860000
./log/201745956_004365.log,004365,920593715,924293671,927993664,11.960000,11.910000,11.880000
./log/2017310958_004117.log,004117,920589511,924289420,927989369,11.780000,11.710000,11.680000
./log/2017117178_00039F.log,00039F,920590823,924290746,927990725,12.010000,11.960000,11.880000
./log/20174121244_0043DC.log,0043DC,920589440,924289346,927989301,11.880000,11.850000,11.810000
./log/201745148_004386.log,004386,920588889,924288796,927988730,11.960000,11.940000,11.900000
./log/2017315854_00417A.log,00417A,920591770,924291697,927991666,12.050000,12.000000,11.970000
./log/20173131551_004167.log,004167,920590445,924290366,927990317,11.980000,11.910000,11.870000
./log/20173291157_004304.log,004304,920594760,924294687,927994657,11.810000,11.750000,11.720000
./log/2017329941_0042EF.log,0042EF,920593816,924293745,927993727,11.660000,11.620000,11.580000
./log/20173171051_00420D.log,00420D,920591515,924291423,927991366,12.310000,12.260000,12.230000
./log/20173301311_004339.log,004339,920593884,924293837,927993813,11.740000,11.690000,11.670000
./log/20173161412_0041F6.log,0041F6,920586213,924286084,927986008,11.800000,11.760000,11.750000
./log/20173301334_00433D.log,00433D,920591103,924291010,927990961,11.770000,11.710000,11.680000
./log/20172281650_0040CF.log,0040CF,920593360,924293280,927993237,11.740000,11.700000,11.660000
./log/20173151159_004199.log,004199,920591241,924291165,927991127,12.000000,11.960000,11.910000
./log/2017361410_00410F.log,00410F,920594423,924294375,927994341,11.840000,11.780000,11.740000
./log/201746914_004395.log,004395,920592344,924292277,927992253,11.800000,11.760000,11.730000
./log/20173291022_0042F6.log,0042F6,920595230,924295180,927995160,11.710000,11.680000,11.650000
./log/20173161143_0041E2.log,0041E2,920591045,924290985,927990974,11.700000,11.650000,11.610000
./log/20171172333_004433.log,004433,920591426,924291342,927991293,11.750000,11.700000,11.650000
./log/2017331033_0040DE.log,0040DE,920594683,924294602,927994554,11.710000,11.670000,11.630000
./log/2017461643_0043A5.log,0043A5,920594488,924294428,927994415,11.750000,11.720000,11.690000
./log/20173201422_004275.log,004275,920589016,924288944,927988906,11.690000,11.640000,11.620000
./log/20173171527_004234.log,004234,920590594,924290508,927990463,11.930000,11.880000,11.860000
./log/20173101433_00412D.log,00412D,920591726,924291643,927991599,11.950000,11.900000,11.870000
./log/2017328152_0042CE.log,0042CE,920591979,924291922,927991899,11.680000,11.620000,11.600000
./log/20173171522_004233.log,004233,920593471,924293419,927993402,11.710000,11.660000,11.640000
./log/2017316931_0041CF.log,0041CF,920591598,924291528,927991487,11.730000,11.690000,11.660000
./log/20174121442_0043EF.log,0043EF,920594440,924294398,927994380,11.870000,11.800000,11.760000
./log/201745152_00438F.log,00438F,920591913,924291848,927991831,11.680000,11.640000,11.610000
./log/2017461544_00439E.log,00439E,920594177,924294120,927994091,11.930000,11.890000,11.860000
./log/20173101622_004134.log,004134,920591371,924291307,927991278,11.720000,11.660000,11.630000
./log/20173171255_00421B.log,00421B,920590881,924290819,927990798,12.090000,12.040000,12.010000
./log/20173281420_0042C7.log,0042C7,920595013,924294967,927994945,11.940000,11.900000,11.880000
./log/201736937_0040FC.log,0040FC,920592670,924292580,927992538,11.970000,11.930000,11.900000
./log/2017330925_004320.log,004320,920591046,924290951,927990914,11.640000,11.600000,11.570000
./log/20173171428_00422B.log,00422B,920589713,924289623,927989579,11.980000,11.920000,11.880000
./log/20173291140_004301.log,004301,920591091,924290999,927990939,11.910000,11.860000,11.830000
./log/20173281533_0042D2.log,0042D2,920596258,924296207,927996201,11.840000,11.810000,11.780000
./log/20174121615_0043FE.log,0043FE,920589326,924289241,927989179,11.790000,11.760000,11.720000
./log/20173271622_00428A.log,00428A,920593280,924293218,927993197,11.980000,11.920000,11.890000
./log/201733918_0040D5.log,0040D5,920592077,924292014,927992003,11.810000,11.750000,11.730000
./log/2017310120_004125.log,004125,920589585,924289475,927989405,11.980000,11.930000,11.900000
./log/2017361250_004103.log,004103,920589921,924289855,927989818,11.780000,11.720000,11.700000
./log/20173151113_004191.log,004191,920590960,924290799,927990675,11.910000,11.870000,11.830000
./log/2017471247_0043CE.log,0043CE,920589611,924289545,927989508,12.030000,11.980000,11.950000
./log/20174121414_0043EA.log,0043EA,920591475,924291410,927991372,11.760000,11.720000,11.670000
./log/201733953_0040DA.log,0040DA,920590158,924290064,927990038,11.860000,11.810000,11.760000
./log/2017320137_004269.log,004269,920590402,924290339,927990312,11.950000,11.900000,11.880000
./log/20173171139_004214.log,004214,920589000,924288921,927988867,11.680000,11.640000,11.610000
./log/20173281332_0042BF.log,0042BF,920592654,924292585,927992550,11.960000,11.920000,11.880000
./log/20171171954_00414D.log,00414D,920591285,924291200,927991171,11.820000,11.790000,11.780000
./log/2017328139_0042BB.log,0042BB,920593149,924293087,927993063,11.700000,11.660000,11.630000
./log/20173201253_004267.log,004267,920593488,924293429,927993397,11.880000,11.830000,11.790000
./log/201732094_004247.log,004247,920592521,924292437,927992384,11.880000,11.870000,11.670000
./log/20174121355_0043E8.log,0043E8,920589934,924289856,927989834,11.700000,11.640000,11.630000
./log/2017451316_00437D.log,00437D,920589914,924289832,927989778,12.060000,12.010000,11.980000
./log/2017329917_0042EB.log,0042EB,920591881,924291822,927991813,11.820000,11.770000,11.740000
./log/2017228014_0040BD.log,0040BD,920589368,924289316,927989283,11.760000,11.710000,11.670000
./log/20173201433_004277.log,004277,920591557,924291487,927991456,11.660000,11.620000,11.590000
./log/20173281443_0042CB.log,0042CB,920594498,924294430,927994397,11.710000,11.670000,11.640000
./log/2017313945_00413F.log,00413F,920594765,924294673,927994647,11.710000,11.660000,11.620000
./log/20174141322_004409.log,004409,920589431,924289351,927989310,11.620000,11.570000,11.550000
./log/201733165_0040EC.log,0040EC,920588821,924288726,927988670,11.910000,11.860000,11.820000
./log/20173151331_0041A2.log,0041A2,920593940,924293865,927993850,11.670000,11.620000,11.580000
./log/20173271645_00428E.log,00428E,920589065,924288982,927988941,11.750000,11.710000,11.660000
./log/2017461537_00439D.log,00439D,920589787,924289697,927989654,12.010000,11.960000,11.930000
./log/20173171637_004240.log,004240,920589839,924289832,927989848,12.170000,12.130000,12.110000
./log/2017327822_004433.log,004433,920592062,924291965,927991910,11.470000,11.440000,11.390000
./log/20173161424_0041F8.log,0041F8,920589158,924289138,927989170,11.920000,11.870000,11.840000
./log/20173151130_004194.log,004194,920592558,924292510,927992515,11.860000,11.800000,11.770000
./log/20173301426_004345.log,004345,920589249,924289172,927989142,11.840000,11.790000,11.770000
./log/2017424849_004437.log,004437,920588585,924288464,927988403,11.760000,11.700000,11.660000
./log/2017361435_004113.log,004113,920594577,924294505,927994475,11.790000,11.750000,11.720000
./log/20174121448_0043F0.log,0043F0,920589213,924289122,927989068,11.790000,11.750000,11.710000
./log/2017315106_004186.log,004186,920592618,924292636,927992698,11.750000,11.700000,11.670000
./log/20173171329_004221.log,004221,920595245,924295199,927995187,12.070000,12.030000,12.010000
./log/20174121431_0043ED.log,0043ED,920593816,924293782,927993794,11.700000,11.650000,11.610000
./log/20173151142_004196.log,004196,920589833,924289756,927989724,11.930000,11.880000,11.840000
./log/20173101153_004124.log,004124,920589036,924288944,927988886,11.660000,11.600000,11.570000
./log/20173161055_0041DC.log,0041DC,920590844,924290757,927990735,11.670000,11.630000,11.720000
./log/201736133_004105.log,004105,920590543,924290502,927990473,11.730000,11.700000,11.670000
./log/20173201138_004260.log,004260,920590390,924290307,927990277,11.690000,11.660000,11.620000
./log/20174141540_00441B.log,00441B,920591948,924291875,927991841,11.630000,11.590000,11.520000
./log/2017329854_0042E7.log,0042E7,920592372,924292257,927992209,11.880000,11.830000,11.800000
./log/2017315839_004178.log,004178,920589597,924289509,927989471,11.750000,11.700000,11.670000
./log/2017330849_00431B.log,00431B,920592772,924292687,927992665,11.800000,11.740000,11.710000
./log/2017315117_004190.log,004190,920591143,924291074,927991050,11.780000,11.730000,11.600000
./log/2017361422_004111.log,004111,920592174,924292074,927992033,11.730000,11.670000,11.630000
./log/201736846_0040F6.log,0040F6,920593902,924293830,927993801,11.980000,11.990000,11.970000
./log/201731596_00417C.log,00417C,920592625,924292552,927992507,11.900000,11.860000,11.840000
./log/2017451327_00437F.log,00437F,920591867,924291795,927991764,12.080000,12.060000,12.030000
./log/20173171631_00423F.log,00423F,920591696,924291611,927991585,12.180000,12.130000,12.100000
./log/20173101111_00411F.log,00411F,920592907,924292847,927992819,11.730000,11.930000,11.740000
./log/2017451322_00437E.log,00437E,920590055,924289954,927989930,11.930000,11.880000,11.850000
./log/20174121529_0043F6.log,0043F6,920591555,924291478,927991436,11.840000,11.790000,11.770000
./log/201732990_0042E8.log,0042E8,920589697,924289637,927989612,11.660000,11.630000,11.570000
./log/20173271628_00428B.log,00428B,920592979,924292910,927992897,11.970000,11.940000,11.910000
./log/20173101346_004128.log,004128,920590119,924290033,927989998,11.660000,11.610000,11.570000
./log/2017315955_004184.log,004184,920592076,924292000,927991975,11.900000,11.850000,11.810000
./log/2017317175_004245.log,004245,920590437,924290382,927990357,12.080000,12.030000,11.990000
./log/20173281051_0042A9.log,0042A9,920591274,924291201,927991153,11.680000,11.630000,11.620000
./log/2017316139_0041EB.log,0041EB,920591781,924291735,927991713,11.870000,11.830000,11.790000
./log/20174121312_0043E1.log,0043E1,920590764,924290684,927990652,12.070000,12.040000,12.000000
./log/2017451020_004368.log,004368,920590147,924290079,927990049,11.910000,11.860000,11.820000
./log/20173201110_00425B.log,00425B,920592997,924292954,927992921,11.690000,11.630000,11.610000
./log/20173171516_004232.log,004232,920590669,924290564,927990527,12.160000,12.100000,12.080000
./log/2017329825_004433.log,004433,920591958,924291843,927991782,11.350000,11.310000,11.230000
./log/20174121342_0043E6.log,0043E6,920593289,924293224,927993187,11.960000,11.910000,11.870000
./log/2017316146_0041F5.log,0041F5,920592217,924292171,927992164,11.790000,11.740000,11.700000
./log/20172281532_0040C3.log,0040C3,920592595,924292498,927992450,11.810000,11.760000,11.730000
./log/20173151313_00419F.log,00419F,920590085,924289990,927989950,11.900000,11.840000,11.810000
./log/20173201021_004254.log,004254,920591382,924291322,927991296,11.710000,11.660000,11.620000
./log/2017331547_0040EA.log,0040EA,920589889,924289795,927989750,11.640000,11.590000,11.560000
./log/20173151319_0041A0.log,0041A0,920589969,924289862,927989805,11.960000,11.930000,11.880000
./log/20173171347_004224.log,004224,920589320,924289265,927989234,11.710000,11.670000,11.650000
./log/20173171312_00421E.log,00421E,920591724,924291648,927991634,12.040000,11.990000,11.960000
./log/20173171533_004235.log,004235,920595273,924295217,927995195,12.190000,12.140000,12.090000
./log/20173301329_00433C.log,00433C,920590329,924290276,927990250,11.750000,11.700000,11.660000
./log/2017412155_0043F3.log,0043F3,920594923,924294841,927994837,11.940000,11.890000,11.860000
./log/20173281437_0042CA.log,0042CA,920589871,924289792,927989768,11.980000,11.930000,11.920000
./log/20173161436_0041FA.log,0041FA,920594202,924294128,927994091,11.750000,11.700000,11.660000
./log/2017451132_004372.log,004372,920591108,924291033,927991003,11.840000,11.790000,11.760000
./log/20174121425_0043EC.log,0043EC,920591000,924290942,927990909,11.660000,11.600000,11.560000
./log/2017471152_0043CB.log,0043CB,920592730,924292664,927992633,11.750000,11.710000,11.680000
./log/2017329167_00430C.log,00430C,920594322,924294238,927994182,11.730000,11.670000,11.630000
./log/201736125_004101.log,004101,920592666,924292570,927992523,11.720000,11.670000,11.620000
./log/2017315176_0041C6.log,0041C6,920593920,924293850,927993822,11.700000,11.660000,11.630000
./log/20173171016_004208.log,004208,920593964,924293923,927993931,11.840000,11.810000,11.770000
./log/20173201046_004257.log,004257,920594234,924294187,927994156,11.680000,11.630000,11.610000
./log/2017361244_004102.log,004102,920590590,924290516,927990485,11.740000,11.690000,11.650000
./log/2017451351_004383.log,004383,920593233,924293205,927993221,12.100000,12.050000,12.030000
./log/20174141345_00440D.log,00440D,920593857,924293780,927993761,11.820000,11.790000,11.770000
./log/20173171545_004237.log,004237,920594190,924294139,927994115,12.140000,12.090000,12.060000
./log/20173161014_0041D6.log,0041D6,920590112,924290010,927989948,11.920000,11.880000,11.850000
./log/20173151136_004195.log,004195,920591255,924291178,927991127,11.930000,11.880000,11.830000
./log/20173201533_004280.log,004280,920589667,924289578,927989536,11.890000,11.850000,11.800000
./log/20172281612_0040C9.log,0040C9,920592574,924292517,927992487,11.680000,11.630000,11.620000
./log/2017228110_004420.log,004420,920591044,924290967,927990929,11.700000,11.650000,11.590000
./log/20174141534_00441A.log,00441A,920592253,924292182,927992137,11.850000,11.830000,11.780000
./log/20174141415_004412.log,004412,920589321,924289237,927989191,11.700000,11.660000,11.630000
./log/2017228026_0040BF.log,0040BF,920591464,924291387,927991333,11.870000,11.810000,11.770000
./log/20173101528_004133.log,004133,920592247,924292195,927992175,11.750000,11.700000,11.670000
./log/20173201410_004273.log,004273,920594810,924294758,927994746,11.830000,11.790000,11.760000
./log/20172281552_0040C6.log,0040C6,920589074,924289026,927988998,12.130000,12.090000,12.050000
./log/2017315140_0041A7.log,0041A7,920594307,924294308,927994341,11.700000,11.650000,11.600000
./log/2017331618_0040EE.log,0040EE,920590736,924290651,927990611,11.700000,11.650000,11.610000
./log/20171171611_00039C.log,00039C,920590949,924290867,927990831,12.030000,11.970000,11.920000
./log/2017316937_0041D0.log,0041D0,920589040,924288947,927988903,11.890000,11.830000,11.790000
./log/20173131052_004148.log,004148,920589098,924289004,927988959,11.910000,11.860000,11.810000
./log/20173281648_0042DF.log,0042DF,920589158,924289087,927989048,11.700000,11.660000,11.620000
./log/20173131032_004146.log,004146,920589844,924289737,927989687,11.640000,11.610000,11.570000
./log/20173161320_0041ED.log,0041ED,920592647,924292593,927992574,11.860000,11.810000,11.780000
./log/2017328911_004299.log,004299,920594361,924294305,927994299,11.730000,11.690000,11.630000
./log/20173161459_0041FE.log,0041FE,920588853,924288760,927988722,11.710000,11.660000,11.610000
./log/20173281521_0042D0.log,0042D0,920589432,924289347,927989293,11.730000,11.660000,11.660000
./log/2017315156_0041B2.log,0041B2,920593334,924293392,927993510,11.780000,11.720000,11.700000
./log/2017461531_00439C.log,00439C,920591771,924291692,927991650,12.040000,11.990000,11.960000
./log/2017328848_004295.log,004295,920589449,924289372,927989333,11.940000,11.900000,11.860000
./log/2017328951_0042A0.log,0042A0,920595020,924294980,927994968,11.780000,11.750000,11.710000
./log/20173171127_004212.log,004212,920589504,924289442,927989417,11.680000,11.640000,11.600000
./log/2017331046_0040DF.log,0040DF,920591898,924291794,927991725,12.090000,12.040000,12.020000
./log/20174698_004394.log,004394,920594826,924294756,927994738,11.610000,11.580000,11.560000
./log/20174141639_004425.log,004425,920594852,924294820,927994819,11.820000,11.770000,11.730000
./log/2017331715_0040F5.log,0040F5,920594458,924294386,927994367,11.810000,11.760000,11.710000
./log/201747850_0043AE.log,0043AE,920590600,924290526,927990493,11.720000,11.680000,11.650000
./log/2017331652_0040F3.log,0040F3,920593328,924293255,927993214,11.660000,11.600000,11.560000
./log/20173171030_00420A.log,00420A,920589503,924289415,927989382,12.160000,12.110000,12.070000
./log/2017331541_0040E9.log,0040E9,920592896,924292841,927992823,11.670000,11.630000,11.590000
./log/2017451439_00438B.log,00438B,920594316,924294269,927994251,11.660000,11.610000,11.590000
./log/2017316111_0041DD.log,0041DD,920594372,924294308,927994285,11.740000,11.680000,11.660000
./log/20173281033_0042A7.log,0042A7,920588987,924288904,927988875,11.700000,11.660000,11.620000
./log/20173151018_004188.log,004188,920594720,924294664,927994630,11.710000,11.640000,11.610000
./log/20174141258_004405.log,004405,920588928,924288862,927988853,11.770000,11.750000,11.710000
./log/2017328923_00429B.log,00429B,920590829,924290756,927990717,11.720000,11.680000,11.640000
./log/201745858_00435B.log,00435B,920588995,924288901,927988851,11.740000,11.710000,11.670000
./log/2017317122_004218.log,004218,920589593,924289533,927989503,12.040000,12.000000,11.960000
./log/2017330133_004338.log,004338,920593693,924293620,927993597,11.990000,11.950000,11.930000
./log/2017361341_00410A.log,00410A,920594161,924294083,927994047,11.810000,11.760000,11.690000
./log/2017471123_0043C7.log,0043C7,920594732,924294689,927994651,11.720000,11.690000,11.660000
./log/20173161129_0041E0.log,0041E0,920590532,924290436,927990374,11.690000,11.630000,11.590000
./log/20173301149_004333.log,004333,920591120,924291046,927991031,12.090000,12.040000,12.010000
./log/20173131452_00415F.log,00415F,920590133,924290045,927989997,11.640000,11.590000,11.550000
./log/20173131247_004154.log,004154,920589850,924289768,927989719,11.840000,11.790000,11.750000
./log/20173101522_004132.log,004132,920594403,924294328,927994283,11.710000,11.660000,11.640000
./log/2017328103_0042A2.log,0042A2,920592639,924292562,927992521,11.700000,11.650000,11.630000
./log/20173301620_00434D.log,00434D,920590050,924289973,927989938,11.840000,11.810000,11.780000
./log/20173291641_004312.log,004312,920594304,924294247,927994228,11.700000,11.650000,11.600000
./log/20173151432_0041AC.log,0041AC,920592157,924292101,927992069,11.710000,11.670000,11.630000
./log/20173161026_0041D8.log,0041D8,920595053,924295015,927995019,11.710000,11.660000,11.610000
./log/20174121255_0043DE.log,0043DE,920594008,924293922,927993878,11.720000,11.670000,11.650000
./log/20173201445_004279.log,004279,920588644,924288552,927988486,11.640000,11.590000,11.540000
./log/20173131259_004156.log,004156,920591984,924291912,927991879,11.960000,11.910000,11.860000
./log/20173171452_00422F.log,00422F,920588851,924288772,927988742,11.870000,11.830000,11.800000
./log/20173291658_004315.log,004315,920589536,924289439,927989400,11.700000,11.650000,11.620000
./log/20173131720_004176.log,004176,920591600,924291541,927991507,11.700000,11.650000,11.610000
./log/20173161430_0041F9.log,0041F9,920590819,924290789,927990801,11.900000,11.860000,11.820000
./log/20173131627_00416D.log,00416D,920589007,924288929,927988886,11.730000,11.670000,11.630000
./log/20173271610_004288.log,004288,920590443,924290363,927990346,11.770000,11.720000,11.690000
./log/20173301643_004350.log,004350,920591097,924291034,927991008,11.840000,11.800000,11.770000
./log/20173281449_0042CC.log,0042CC,920591605,924291543,927991534,11.920000,11.880000,11.850000
./log/2017310858_004433.log,004433,920591331,924291233,927991193,11.500000,11.450000,11.420000
./log/2017313812_004433.log,004433,920591626,924291546,927991518,11.540000,11.490000,11.460000
./log/201745932_004361.log,004361,920589965,924289897,927989863,11.830000,11.790000,11.770000
./log/2017451357_004384.log,004384,920590523,924290429,927990396,11.780000,11.740000,11.730000
./log/20174141333_00440B.log,00440B,920593669,924293623,927993607,11.830000,11.790000,11.750000
./log/20172281632_0040CC.log,0040CC,920594205,924294127,927994080,11.700000,11.650000,11.620000
./log/2017117160_00039F.log,00039F,920590987,924290903,927990855,12.040000,11.980000,11.930000
./log/2017313164_004169.log,004169,920591348,924291269,927991227,11.880000,11.820000,11.770000
./log/20173101124_004120.log,004120,920592291,924292228,927992173,11.790000,11.740000,11.710000
./log/2017315828_004433.log,004433,920591696,924291583,927991525,11.380000,11.320000,11.290000
./log/2017451433_00438A.log,00438A,920588953,924288865,927988829,11.690000,11.650000,11.610000
./log/20173101028_00411B.log,00411B,920600549,924300524,928000544,11.860000,11.790000,11.820000
./log/2017315931_004180.log,004180,920590930,924290775,927990679,11.860000,11.810000,11.770000
./log/20173271716_004293.log,004293,920593269,924293215,927993274,11.950000,11.900000,11.880000
./log/2017331213_0040E6.log,0040E6,920589471,924289388,927989347,11.710000,11.660000,11.630000
./log/20173171151_004216.log,004216,920589444,924289350,927989307,11.870000,11.840000,11.810000
./log/201745840_004358.log,004358,920588907,924288815,927988759,11.990000,11.940000,11.910000
./log/20173161338_0041F0.log,0041F0,920590831,924290794,927990798,11.720000,11.670000,11.630000
./log/2017313114_00414A.log,00414A,920595150,924295088,927995074,11.820000,11.770000,11.690000
./log/201736853_0040F7.log,0040F7,920593422,924293355,927993325,11.720000,11.660000,11.680000
./log/20173281710_0042E3.log,0042E3,920592922,924292854,927992819,11.770000,11.710000,11.680000
./log/2017313169_00416A.log,00416A,920591531,924291449,927991397,11.710000,11.660000,11.620000
./log/2017330143_004342.log,004342,920591531,924291463,927991442,11.670000,11.630000,11.600000
./log/20173201416_004274.log,004274,920589518,924289401,927989333,11.800000,11.760000,11.710000
./log/2017424938_00443F.log,00443F,920592482,924292423,927992395,11.920000,11.880000,11.840000
./log/2017330832_004318.log,004318,920590575,924290494,927990467,11.940000,11.900000,11.870000
./log/20173151625_0041BF.log,0041BF,920590906,924290839,927990806,11.660000,11.600000,11.570000
./log/2017328830_004433.log,004433,920592004,924291912,927991870,11.480000,11.420000,11.400000
./log/201731590_00417B.log,00417B,920593801,924293735,927993703,11.730000,11.680000,11.640000
./log/2017451333_004380.log,004380,920589903,924289810,927989761,11.890000,11.850000,11.830000
./log/2017320910_004248.log,004248,920590173,924290113,927990101,11.840000,11.790000,11.750000
./log/201746850_004391.log,004391,920594386,924294311,927994275,11.850000,11.800000,11.780000
./log/2017315145_0041A8.log,0041A8,920595599,924295571,927995581,11.670000,11.620000,11.580000
./log/20173131715_004175.log,004175,920594979,924294900,927994887,11.820000,11.760000,11.720000
./log/20173101537_00412E.log,00412E,920592122,924292107,927992149,11.730000,11.700000,11.670000
./log/20173171434_00422C.log,00422C,920594395,924294333,927994325,11.980000,11.940000,11.910000
./log/2017228020_0040BE.log,0040BE,920590615,924290499,927990432,11.780000,11.750000,11.710000
./log/20173161442_0041FB.log,0041FB,920588862,924288786,927988748,11.800000,11.750000,11.710000
./log/20173696_0040F9.log,0040F9,920588855,924288796,927988732,11.650000,11.590000,11.550000
./log/20173281125_0042AF.log,0042AF,920592343,924292276,927992244,11.820000,11.780000,11.750000
./log/20173301030_004329.log,004329,920593070,924293069,927993098,11.880000,11.850000,11.830000
./log/20173301547_004348.log,004348,920592966,924292872,927992844,11.610000,11.570000,11.520000
./log/2017412120_0043DA.log,0043DA,920593920,924293877,927993858,11.690000,11.660000,11.620000
./log/20174121437_0043EE.log,0043EE,920592011,924291950,927991924,11.720000,11.660000,11.620000
./log/20174141551_00441D.log,00441D,920594721,924294679,927994657,11.630000,11.590000,11.560000
./log/20173301115_00432E.log,00432E,920595089,924295038,927995020,11.670000,11.620000,11.670000
./log/20173171440_00422D.log,00422D,920588977,924288900,927988867,11.940000,11.890000,11.870000
./log/20173171115_00420E.log,00420E,920590189,924290124,927990085,11.930000,11.890000,11.860000
./log/201747839_0043AC.log,0043AC,920589998,924289934,927989897,11.840000,11.790000,11.760000
./log/20173101324_004126.log,004126,920591959,924291863,927991805,11.760000,11.710000,11.660000
./log/20174241019_004446.log,004446,920594693,924294625,927994613,11.800000,11.770000,11.720000
./log/2017330821_004433.log,004433,920592185,924292099,927992057,11.250000,11.230000,11.220000
./log/2017451155_004376.log,004376,920592283,924292197,927992158,11.880000,11.830000,11.790000
./log/20173101057_00411D.log,00411D,920588940,924288861,927988828,11.830000,11.710000,11.640000
./log/2017328147_0042C5.log,0042C5,920593284,924293227,927993210,11.870000,11.840000,11.800000
./log/2017315132_00419D.log,00419D,920592154,924292093,927992079,11.700000,11.650000,11.600000
./log/201733111_0040E1.log,0040E1,920591817,924291750,927991729,11.720000,11.680000,11.640000
./log/201745102_004366.log,004366,920593804,924293741,927993711,12.120000,12.070000,12.060000
./log/2017317136_00421D.log,00421D,920590313,924290235,927990186,12.060000,12.010000,11.990000
./log/20173291254_004308.log,004308,920588850,924288769,927988733,11.890000,11.840000,11.780000
./log/201745927_004360.log,004360,920594128,924294067,927994021,11.910000,11.880000,11.700000
./log/2017424950_004441.log,004441,920591163,924291129,927991112,11.700000,11.650000,11.630000
./log/201733912_0040D4.log,0040D4,920592793,924292743,927992718,11.690000,11.630000,11.620000
./log/2017330937_004322.log,004322,920588802,924288701,927988642,11.660000,11.610000,11.580000
./log/20173171335_004222.log,004222,920592622,924292571,927992561,11.820000,11.780000,11.730000
./log/20173271710_004292.log,004292,920590429,924290429,927990443,11.830000,11.790000,11.770000
./log/20173151638_0041C1.log,0041C1,920593848,924293796,927993803,11.880000,11.830000,11.780000
./log/20173281355_0042C3.log,0042C3,920589308,924289238,927989203,11.860000,11.810000,11.780000
./log/20173171613_00423C.log,00423C,920592788,924292781,927992801,12.100000,12.060000,12.050000
./log/20173201557_004284.log,004284,920596012,924295955,927995948,11.710000,11.670000,11.630000
./log/2017451253_004379.log,004379,920594815,924294741,927994715,11.760000,11.710000,11.680000
./log/20174121459_0043F2.log,0043F2,920591488,924291406,927991382,11.670000,11.620000,11.570000
./log/2017471252_0043CF.log,0043CF,920592940,924292883,927992838,11.950000,11.910000,11.880000
./log/20173271657_004290.log,004290,920589107,924289034,927989001,11.730000,11.690000,11.670000
./log/20174121131_0043D5.log,0043D5,920593465,924293387,927993360,11.760000,11.710000,11.680000
./log/20173171416_004229.log,004229,920591578,924291495,927991475,11.940000,11.900000,11.860000
./log/2017329848_0042E6.log,0042E6,920591106,924291026,927990983,11.710000,11.660000,11.620000
./log/20174121124_0043D4.log,0043D4,920590895,924290826,927990804,11.720000,11.670000,11.640000
./log/2017361318_004107.log,004107,920592313,924292239,927992191,11.870000,11.820000,11.790000
./log/2017471111_0043C5.log,0043C5,920589244,924289158,927989098,11.800000,11.770000,11.750000
./log/2017320951_00424F.log,00424F,920595009,924294955,927994920,11.690000,11.660000,11.610000
./log/20174141626_004423.log,004423,920589592,924289518,927989483,11.840000,11.790000,11.750000
./log/20174121621_0043FF.log,0043FF,920592074,924291986,927991940,11.890000,11.850000,11.820000
./log/20173201516_00427D.log,00427D,920593846,924293795,927993776,11.640000,11.610000,11.580000
./log/2017315949_004183.log,004183,920591520,924291448,927991411,11.970000,11.930000,11.910000
./log/20173281154_0042B4.log,0042B4,920593217,924293150,927993131,11.700000,11.660000,11.610000
./log/20173151443_0041AE.log,0041AE,920594387,924294327,927994314,11.710000,11.640000,11.620000
./log/2017361453_004116.log,004116,920592019,924291943,927991904,11.850000,11.810000,11.760000
./log/201733932_0040D7.log,0040D7,920589689,924289617,927989588,11.910000,11.850000,11.800000
./log/2017328842_004294.log,004294,920594122,924294035,927994003,11.920000,11.870000,11.830000
./log/20173301632_00434F.log,00434F,920593304,924293255,927993245,11.930000,11.880000,11.860000
./log/201747925_0043B4.log,0043B4,920592224,924292144,927992108,11.980000,11.910000,11.900000
./log/20173291249_004307.log,004307,920593706,924293654,927993619,11.680000,11.630000,11.600000
./log/2017361346_00410B.log,00410B,920591406,924291345,927991314,11.880000,11.850000,11.820000
./log/20173171648_004242.log,004242,920591771,924291782,927991802,11.880000,11.840000,11.810000
./log/20173151250_00419B.log,00419B,920590523,924290434,927990388,11.910000,11.860000,11.820000
./log/20174141310_004407.log,004407,920591729,924291671,927991673,11.680000,11.630000,11.600000
./log/20173301252_004336.log,004336,920593885,924293835,927993828,12.230000,12.180000,12.180000
./log/20173151012_004187.log,004187,920589778,924289707,927989656,11.690000,11.640000,11.600000
./log/201746160_00439F.log,00439F,920592185,924292112,927992079,12.290000,12.240000,12.210000
./log/2017317929_004201.log,004201,920593777,924293748,927993753,11.820000,11.760000,11.720000
./log/20174141426_004414.log,004414,920589738,924289657,927989605,11.790000,11.750000,11.720000
./log/20173131317_004159.log,004159,920594534,924294474,927994455,11.900000,11.840000,11.810000
./log/2017330931_004321.log,004321,920594206,924294167,927994164,11.910000,11.860000,11.820000
./log/20173201451_00427A.log,00427A,920592467,924292415,927992395,11.900000,11.850000,11.800000
./log/201736943_0040FD.log,0040FD,920593184,924293103,927993068,11.820000,11.780000,11.750000
./log/2017316108_0041D5.log,0041D5,920589611,924289533,927989487,11.750000,11.690000,11.660000
./log/2017412169_0043FD.log,0043FD,920589464,924289386,927989343,11.700000,11.680000,11.640000
./log/2017313830_004135.log,004135,920592333,924292231,927992163,11.840000,11.790000,11.760000
./log/2017330920_00431F.log,00431F,920591999,924291916,927991878,11.790000,11.740000,11.710000
./log/20174121330_0043E4.log,0043E4,920593412,924293361,927993337,11.840000,11.800000,11.770000
./log/20173161314_0041EC.log,0041EC,920588877,924288803,927988765,11.850000,11.790000,11.770000
./log/20173151455_0041B0.log,0041B0,920586397,924286288,927986246,11.820000,11.780000,11.730000
./log/20171171821_00039D.log,00039D,920590815,924290735,927990720,11.740000,11.680000,11.640000
./log/201722806_0040BC.log,0040BC,920591033,924290914,927990856,11.660000,11.600000,11.550000
./log/20173201115_00425C.log,00425C,920591040,924290950,927990891,11.780000,11.720000,11.700000
./log/20173161136_0041E1.log,0041E1,920589540,924289532,927989541,11.860000,11.830000,11.790000
./log/20173151124_004193.log,004193,920589612,924289540,927989487,11.740000,11.680000,11.650000
./log/20173291629_004310.log,004310,920594986,924294944,927994932,11.870000,11.830000,11.810000
./log/20173301340_00433E.log,00433E,920589059,924288977,927988901,11.780000,11.730000,11.700000
./log/20174121627_004400.log,004400,920594052,924293979,927993946,11.670000,11.620000,11.590000
./log/20173151245_00419A.log,00419A,920593905,924293823,927993795,11.670000,11.630000,11.600000
./log/20173151649_0041C3.log,0041C3,920591632,924291601,927991597,11.860000,11.810000,11.770000
./log/20173301317_00433A.log,00433A,920593495,924293446,927993422,11.890000,11.840000,11.800000
./log/20173201539_004281.log,004281,920592166,924292095,927992065,11.810000,11.790000,11.740000
./log/2017317154_004231.log,004231,920590309,924290291,927990302,11.920000,11.870000,11.860000
./log/20173201015_004253.log,004253,920594813,924294738,927994710,11.840000,11.800000,11.770000
./log/20173171654_004243.log,004243,920593917,924293857,927993835,11.870000,11.820000,11.790000
./log/2017329161_00430B.log,00430B,920589480,924289402,927989373,11.810000,11.770000,11.730000
./log/20173161349_0041F2.log,0041F2,920593543,924293496,927993472,11.720000,11.670000,11.640000
./log/2017329136_00430A.log,00430A,920593246,924293192,927993194,11.740000,11.680000,11.660000
./log/20173291151_004303.log,004303,920589923,924289823,927989768,11.640000,11.610000,11.570000
./log/20173171045_00420C.log,00420C,920594432,924294364,927994331,11.780000,11.740000,11.710000
./log/2017414168_004420.log,004420,920591927,924291847,927991855,11.870000,11.820000,11.830000
./log/20173161043_0041DA.log,0041DA,920589148,924289069,927989005,11.830000,11.740000,11.710000
./log/20174141420_004413.log,004413,920594335,924294279,927994243,11.950000,11.910000,11.880000
./log/20173101019_00411A.log,00411A,920593334,924293274,927993246,11.820000,11.780000,11.750000
./log/20173131433_00415C.log,00415C,920593885,924293805,927993760,11.630000,11.580000,11.540000
./log/20173281056_0042AA.log,0042AA,920590423,924290396,927990396,11.720000,11.680000,11.650000
./log/2017313958_004141.log,004141,920590086,924290003,927989964,11.670000,11.610000,11.570000
./log/2017331526_0040E7.log,0040E7,920590966,924290887,927990844,11.790000,11.710000,11.680000
./log/201747942_0043B7.log,0043B7,920593509,924293435,927993392,11.910000,11.880000,11.840000
./log/2017451046_00436B.log,00436B,920592101,924292018,927991970,11.830000,11.790000,11.760000
./log/20173151419_0041AA.log,0041AA,920590782,924290700,927990666,11.870000,11.820000,11.780000
./log/20174141316_004408.log,004408,920590611,924290549,927990531,11.690000,11.650000,11.630000
./log/2017461617_0043A1.log,0043A1,920591535,924291468,927991435,11.890000,11.850000,11.820000
./log/20173201353_004270.log,004270,920594534,924294468,927994431,11.740000,11.700000,11.660000
./log/20172271647_0040B1.log,0040B1,920593980,924293909,927993893,11.700000,11.640000,11.630000
./log/2017316957_0041D3.log,0041D3,920595144,924295086,927995074,11.880000,11.830000,11.780000
./log/2017329104_0042F3.log,0042F3,920589862,924289810,927989789,12.020000,11.980000,11.940000
